TN:
SF:src\server.ts
FN:10,(anonymous_1)
FN:16,(anonymous_2)
FN:24,(anonymous_3)
FNF:3
FNH:1
FNDA:1,(anonymous_1)
FNDA:0,(anonymous_2)
FNDA:0,(anonymous_3)
DA:1,1
DA:3,1
DA:6,1
DA:7,1
DA:8,1
DA:10,1
DA:11,1
DA:12,1
DA:14,1
DA:16,1
DA:17,0
DA:18,0
DA:19,0
DA:20,0
DA:24,1
DA:25,0
DA:26,0
DA:28,0
DA:29,0
DA:30,0
DA:34,1
DA:35,0
LF:22
LH:12
BRDA:11,0,0,1
BRDA:11,0,1,0
BRDA:12,1,0,1
BRDA:12,1,1,0
BRDA:34,2,0,0
BRDA:34,2,1,1
BRF:6
BRH:3
end_of_record
TN:
SF:src\config\aiConfig.ts
FN:7,(anonymous_0)
FN:38,(anonymous_1)
FN:42,(anonymous_2)
FN:47,(anonymous_3)
FNF:4
FNH:4
FNDA:4,(anonymous_0)
FNDA:32,(anonymous_1)
FNDA:20,(anonymous_2)
FNDA:12,(anonymous_3)
DA:7,4
DA:8,4
DA:9,4
DA:10,4
DA:38,4
DA:39,32
DA:42,4
DA:43,20
DA:44,20
DA:47,4
DA:48,12
DA:49,12
DA:53,4
DA:76,4
LF:14
LH:14
BRDA:7,0,0,4
BRDA:7,0,1,4
BRDA:39,1,0,32
BRDA:39,1,1,12
BRDA:44,2,0,0
BRDA:44,2,1,20
BRDA:49,3,0,4
BRDA:49,3,1,8
BRDA:55,4,0,4
BRDA:55,4,1,0
BRF:10
BRH:8
end_of_record
TN:
SF:src\config\mysql.ts
FN:16,(anonymous_0)
FN:24,(anonymous_1)
FN:38,(anonymous_2)
FN:61,(anonymous_3)
FN:70,(anonymous_4)
FN:94,(anonymous_5)
FN:103,(anonymous_6)
FN:113,(anonymous_7)
FNF:8
FNH:4
FNDA:25,(anonymous_0)
FNDA:14,(anonymous_1)
FNDA:8,(anonymous_2)
FNDA:1,(anonymous_3)
FNDA:0,(anonymous_4)
FNDA:0,(anonymous_5)
FNDA:0,(anonymous_6)
FNDA:0,(anonymous_7)
DA:1,13
DA:16,13
DA:17,25
DA:18,25
DA:19,4
DA:21,21
DA:24,13
DA:31,14
DA:32,14
DA:33,2
DA:35,12
DA:38,13
DA:61,13
DA:70,13
DA:71,0
DA:72,0
DA:73,0
DA:91,0
DA:94,13
DA:95,0
DA:96,0
DA:97,0
DA:99,0
DA:103,13
DA:104,0
DA:105,0
DA:106,0
DA:107,0
DA:109,0
DA:113,13
DA:114,0
DA:115,0
DA:116,0
DA:117,0
LF:34
LH:17
BRDA:18,0,0,4
BRDA:18,0,1,21
BRDA:31,1,0,6
BRDA:31,1,1,8
BRDA:31,2,0,14
BRDA:31,2,1,8
BRDA:32,3,0,2
BRDA:32,3,1,12
BRDA:32,4,0,14
BRDA:32,4,1,14
BRDA:32,4,2,14
BRDA:38,5,0,0
BRDA:61,6,0,0
BRDA:71,7,0,0
BRDA:71,7,1,0
BRDA:105,8,0,0
BRDA:105,8,1,0
BRDA:114,9,0,0
BRDA:114,9,1,0
BRF:19
BRH:11
end_of_record
TN:
SF:src\config\sqlite.ts
FN:15,(anonymous_1)
FN:20,(anonymous_2)
FN:27,(anonymous_3)
FN:265,(anonymous_4)
FN:281,(anonymous_5)
FN:288,(anonymous_6)
FN:293,(anonymous_7)
FN:298,(anonymous_8)
FN:303,(anonymous_9)
FNF:9
FNH:0
FNDA:0,(anonymous_1)
FNDA:0,(anonymous_2)
FNDA:0,(anonymous_3)
FNDA:0,(anonymous_4)
FNDA:0,(anonymous_5)
FNDA:0,(anonymous_6)
FNDA:0,(anonymous_7)
FNDA:0,(anonymous_8)
FNDA:0,(anonymous_9)
DA:1,0
DA:2,0
DA:3,0
DA:13,0
DA:15,0
DA:16,0
DA:20,0
DA:21,0
DA:22,0
DA:23,0
DA:27,0
DA:28,0
DA:265,0
DA:266,0
DA:267,0
DA:270,0
DA:271,0
DA:273,0
DA:274,0
DA:275,0
DA:276,0
DA:278,0
DA:281,0
DA:282,0
DA:283,0
DA:285,0
DA:288,0
DA:289,0
DA:290,0
DA:293,0
DA:294,0
DA:295,0
DA:298,0
DA:299,0
DA:300,0
DA:303,0
DA:304,0
DA:306,0
DA:307,0
DA:308,0
DA:309,0
DA:310,0
DA:312,0
DA:313,0
LF:44
LH:0
BRDA:16,0,0,0
BRDA:16,0,1,0
BRDA:22,1,0,0
BRDA:22,1,1,0
BRDA:266,2,0,0
BRDA:266,2,1,0
BRDA:282,3,0,0
BRDA:282,3,1,0
BRDA:288,4,0,0
BRDA:293,5,0,0
BRDA:298,6,0,0
BRF:11
BRH:0
end_of_record
TN:
SF:src\controllers\achievementController.ts
FN:8,(anonymous_1)
FN:23,(anonymous_2)
FN:38,(anonymous_3)
FN:51,(anonymous_4)
FNF:4
FNH:1
FNDA:1,(anonymous_1)
FNDA:0,(anonymous_2)
FNDA:0,(anonymous_3)
FNDA:0,(anonymous_4)
DA:3,4
DA:4,4
DA:6,4
DA:8,4
DA:12,1
DA:13,1
DA:14,1
DA:16,0
DA:17,0
DA:23,4
DA:27,0
DA:28,0
DA:29,0
DA:31,0
DA:32,0
DA:38,4
DA:42,0
DA:43,0
DA:44,0
DA:46,0
DA:47,0
DA:51,4
DA:55,0
DA:56,0
DA:57,0
DA:59,0
DA:60,0
LF:27
LH:10
BRF:0
BRH:0
end_of_record
TN:
SF:src\controllers\activityController.ts
FN:11,(anonymous_0)
FN:77,(anonymous_1)
FN:91,(anonymous_2)
FN:126,(anonymous_3)
FN:159,(anonymous_4)
FN:170,(anonymous_5)
FN:197,(anonymous_6)
FN:226,(anonymous_7)
FN:245,(anonymous_8)
FNF:9
FNH:0
FNDA:0,(anonymous_0)
FNDA:0,(anonymous_1)
FNDA:0,(anonymous_2)
FNDA:0,(anonymous_3)
FNDA:0,(anonymous_4)
FNDA:0,(anonymous_5)
FNDA:0,(anonymous_6)
FNDA:0,(anonymous_7)
FNDA:0,(anonymous_8)
DA:3,4
DA:4,4
DA:9,4
DA:11,4
DA:12,0
DA:13,0
DA:14,0
DA:16,0
DA:18,0
DA:19,0
DA:21,0
DA:22,0
DA:24,0
DA:25,0
DA:27,0
DA:28,0
DA:30,0
DA:31,0
DA:32,0
DA:35,0
DA:36,0
DA:38,0
DA:39,0
DA:40,0
DA:41,0
DA:45,0
DA:50,0
DA:57,0
DA:66,0
DA:67,0
DA:70,0
DA:72,0
DA:73,0
DA:77,4
DA:78,0
DA:79,0
DA:80,0
DA:81,0
DA:82,0
DA:84,0
DA:86,0
DA:87,0
DA:91,4
DA:92,0
DA:93,0
DA:94,0
DA:96,0
DA:97,0
DA:98,0
DA:101,0
DA:102,0
DA:103,0
DA:106,0
DA:107,0
DA:109,0
DA:111,0
DA:113,0
DA:115,0
DA:117,0
DA:119,0
DA:121,0
DA:126,4
DA:127,0
DA:128,0
DA:129,0
DA:131,0
DA:132,0
DA:133,0
DA:136,0
DA:137,0
DA:138,0
DA:141,0
DA:142,0
DA:144,0
DA:146,0
DA:148,0
DA:150,0
DA:152,0
DA:154,0
DA:159,4
DA:160,0
DA:161,0
DA:162,0
DA:163,0
DA:165,0
DA:166,0
DA:170,4
DA:171,0
DA:172,0
DA:174,0
DA:175,0
DA:178,0
DA:188,0
DA:190,0
DA:192,0
DA:193,0
DA:197,4
DA:198,0
DA:199,0
DA:200,0
DA:202,0
DA:203,0
DA:204,0
DA:207,0
DA:217,0
DA:219,0
DA:221,0
DA:222,0
DA:226,4
DA:227,0
DA:228,0
DA:230,0
DA:231,0
DA:232,0
DA:235,0
DA:236,0
DA:238,0
DA:240,0
DA:241,0
DA:245,4
DA:246,0
DA:247,0
DA:249,0
DA:250,0
DA:251,0
DA:254,0
DA:256,0
DA:264,0
DA:265,0
LF:129
LH:12
BRDA:13,0,0,0
BRDA:13,0,1,0
BRDA:14,1,0,0
BRDA:14,1,1,0
BRDA:18,2,0,0
BRDA:18,2,1,0
BRDA:21,3,0,0
BRDA:21,3,1,0
BRDA:24,4,0,0
BRDA:24,4,1,0
BRDA:27,5,0,0
BRDA:27,5,1,0
BRDA:30,6,0,0
BRDA:30,6,1,0
BRDA:38,7,0,0
BRDA:38,7,1,0
BRDA:40,8,0,0
BRDA:40,8,1,0
BRDA:66,9,0,0
BRDA:66,9,1,0
BRDA:81,10,0,0
BRDA:81,10,1,0
BRDA:97,11,0,0
BRDA:97,11,1,0
BRDA:102,12,0,0
BRDA:102,12,1,0
BRDA:113,13,0,0
BRDA:113,13,1,0
BRDA:113,13,2,0
BRDA:113,13,3,0
BRDA:132,14,0,0
BRDA:132,14,1,0
BRDA:137,15,0,0
BRDA:137,15,1,0
BRDA:148,16,0,0
BRDA:148,16,1,0
BRDA:148,16,2,0
BRDA:174,17,0,0
BRDA:174,17,1,0
BRDA:174,18,0,0
BRDA:174,18,1,0
BRDA:174,18,2,0
BRDA:174,18,3,0
BRDA:174,18,4,0
BRDA:180,19,0,0
BRDA:180,19,1,0
BRDA:203,20,0,0
BRDA:203,20,1,0
BRDA:208,21,0,0
BRDA:208,21,1,0
BRDA:209,22,0,0
BRDA:209,22,1,0
BRDA:210,23,0,0
BRDA:210,23,1,0
BRDA:211,24,0,0
BRDA:211,24,1,0
BRDA:212,25,0,0
BRDA:212,25,1,0
BRDA:213,26,0,0
BRDA:213,26,1,0
BRDA:214,27,0,0
BRDA:214,27,1,0
BRDA:231,28,0,0
BRDA:231,28,1,0
BRDA:250,29,0,0
BRDA:250,29,1,0
BRF:66
BRH:0
end_of_record
TN:
SF:src\controllers\aiInterpretationController.ts
FN:19,(anonymous_1)
FN:54,(anonymous_2)
FNF:2
FNH:0
FNDA:0,(anonymous_1)
FNDA:0,(anonymous_2)
DA:2,4
DA:4,4
DA:5,4
DA:6,4
DA:8,4
DA:19,4
DA:20,0
DA:21,0
DA:23,0
DA:32,0
DA:34,0
DA:35,0
DA:37,0
DA:38,0
DA:40,0
DA:44,4
DA:54,4
DA:55,0
DA:56,0
DA:58,0
DA:60,0
DA:64,0
DA:66,0
DA:67,0
DA:69,0
LF:25
LH:8
BRDA:34,0,0,0
BRDA:34,0,1,0
BRDA:37,1,0,0
BRDA:37,1,1,0
BRDA:60,2,0,0
BRDA:60,2,1,0
BRDA:66,3,0,0
BRDA:66,3,1,0
BRF:8
BRH:0
end_of_record
TN:
SF:src\controllers\auditController.ts
FN:8,(anonymous_0)
FN:12,(anonymous_1)
FNF:2
FNH:2
FNDA:4,(anonymous_0)
FNDA:1,(anonymous_1)
DA:3,5
DA:4,5
DA:6,5
DA:8,5
DA:9,4
DA:12,5
DA:13,1
DA:14,1
DA:15,1
DA:19,1
DA:28,1
DA:42,0
DA:43,0
LF:13
LH:11
BRDA:9,0,0,2
BRDA:9,0,1,2
BRDA:9,1,0,4
BRDA:9,1,1,2
BRDA:14,2,0,1
BRDA:14,2,1,0
BRDA:14,3,0,1
BRDA:14,3,1,0
BRDA:16,4,0,1
BRDA:16,4,1,0
BRDA:16,5,0,1
BRDA:16,5,1,0
BRF:12
BRH:8
end_of_record
TN:
SF:src\controllers\authController.ts
FN:10,(anonymous_1)
FN:24,(anonymous_2)
FN:38,(anonymous_3)
FNF:3
FNH:3
FNDA:1,(anonymous_1)
FNDA:2,(anonymous_2)
FNDA:1,(anonymous_3)
DA:3,5
DA:4,5
DA:5,5
DA:6,5
DA:8,5
DA:10,5
DA:11,1
DA:12,1
DA:13,1
DA:15,0
DA:20,0
DA:24,5
DA:25,2
DA:26,2
DA:27,1
DA:29,1
DA:34,1
DA:38,5
DA:39,1
DA:40,0
DA:43,1
DA:44,1
LF:22
LH:19
BRDA:18,0,0,0
BRDA:18,0,1,0
BRDA:32,1,0,1
BRDA:32,1,1,0
BRDA:39,2,0,0
BRDA:39,2,1,1
BRF:6
BRH:2
end_of_record
TN:
SF:src\controllers\caseController.ts
FN:41,(anonymous_0)
FN:55,(anonymous_1)
FN:66,(anonymous_2)
FN:91,(anonymous_3)
FN:107,(anonymous_4)
FN:122,(anonymous_5)
FN:131,(anonymous_6)
FN:144,(anonymous_7)
FNF:8
FNH:0
FNDA:0,(anonymous_0)
FNDA:0,(anonymous_1)
FNDA:0,(anonymous_2)
FNDA:0,(anonymous_3)
FNDA:0,(anonymous_4)
FNDA:0,(anonymous_5)
FNDA:0,(anonymous_6)
FNDA:0,(anonymous_7)
DA:2,4
DA:4,4
DA:5,4
DA:7,4
DA:9,4
DA:13,4
DA:19,4
DA:24,4
DA:30,4
DA:36,4
DA:41,4
DA:42,0
DA:43,0
DA:48,0
DA:49,0
DA:51,0
DA:55,4
DA:56,0
DA:57,0
DA:58,0
DA:59,0
DA:60,0
DA:62,0
DA:66,4
DA:67,0
DA:68,0
DA:69,0
DA:76,0
DA:85,0
DA:87,0
DA:91,4
DA:92,0
DA:93,0
DA:94,0
DA:95,0
DA:101,0
DA:103,0
DA:107,4
DA:108,0
DA:109,0
DA:110,0
DA:111,0
DA:116,0
DA:118,0
DA:122,4
DA:123,0
DA:124,0
DA:125,0
DA:127,0
DA:131,4
DA:132,0
DA:133,0
DA:134,0
DA:135,0
DA:136,0
DA:138,0
DA:140,0
DA:144,4
DA:145,0
DA:146,0
DA:147,0
DA:148,0
DA:149,0
DA:151,0
LF:64
LH:18
BRDA:135,0,0,0
BRDA:135,0,1,0
BRDA:148,1,0,0
BRDA:148,1,1,0
BRF:4
BRH:0
end_of_record
TN:
SF:src\controllers\courseController.ts
FN:7,(anonymous_0)
FN:22,(anonymous_1)
FN:46,(anonymous_2)
FN:70,(anonymous_3)
FN:100,(anonymous_4)
FNF:5
FNH:1
FNDA:1,(anonymous_0)
FNDA:0,(anonymous_1)
FNDA:0,(anonymous_2)
FNDA:0,(anonymous_3)
FNDA:0,(anonymous_4)
DA:2,4
DA:4,4
DA:7,4
DA:12,1
DA:13,1
DA:14,1
DA:15,1
DA:17,0
DA:22,4
DA:27,0
DA:28,0
DA:29,0
DA:31,0
DA:32,0
DA:33,0
DA:37,0
DA:39,0
DA:41,0
DA:46,4
DA:51,0
DA:52,0
DA:54,0
DA:63,0
DA:65,0
DA:70,4
DA:75,0
DA:76,0
DA:77,0
DA:79,0
DA:88,0
DA:89,0
DA:90,0
DA:93,0
DA:95,0
DA:100,4
DA:105,0
DA:106,0
DA:108,0
DA:110,0
DA:111,0
DA:112,0
DA:115,0
DA:117,0
LF:43
LH:11
BRDA:31,0,0,0
BRDA:31,0,1,0
BRDA:88,1,0,0
BRDA:88,1,1,0
BRDA:110,2,0,0
BRDA:110,2,1,0
BRF:6
BRH:0
end_of_record
TN:
SF:src\controllers\healthController.ts
FN:12,(anonymous_0)
FN:13,(anonymous_1)
FN:14,(anonymous_2)
FN:16,(anonymous_3)
FN:20,(anonymous_4)
FN:26,(anonymous_5)
FN:31,(anonymous_6)
FNF:7
FNH:5
FNDA:8,(anonymous_0)
FNDA:8,(anonymous_1)
FNDA:0,(anonymous_2)
FNDA:8,(anonymous_3)
FNDA:0,(anonymous_4)
FNDA:5,(anonymous_5)
FNDA:4,(anonymous_6)
DA:2,4
DA:12,4
DA:13,8
DA:14,8
DA:15,8
DA:17,8
DA:18,8
DA:21,0
DA:22,0
DA:26,4
DA:31,5
DA:32,4
DA:36,4
DA:43,4
DA:44,1
DA:47,1
DA:50,3
LF:17
LH:15
BRDA:29,0,0,4
BRDA:37,1,0,3
BRDA:37,1,1,1
BRDA:37,2,0,2
BRDA:37,2,1,1
BRDA:39,3,0,3
BRDA:39,3,1,1
BRDA:40,4,0,3
BRDA:40,4,1,1
BRDA:43,5,0,1
BRDA:43,5,1,3
BRDA:50,6,0,2
BRDA:50,6,1,1
BRF:13
BRH:13
end_of_record
TN:
SF:src\controllers\managementController.ts
FN:12,(anonymous_0)
FN:42,(anonymous_1)
FN:50,(anonymous_2)
FN:79,(anonymous_3)
FN:100,(anonymous_4)
FN:121,(anonymous_5)
FN:169,(anonymous_6)
FN:204,(anonymous_7)
FN:270,(anonymous_8)
FN:317,(anonymous_9)
FN:338,(anonymous_10)
FN:360,(anonymous_11)
FN:380,(anonymous_12)
FNF:13
FNH:6
FNDA:1,(anonymous_0)
FNDA:2,(anonymous_1)
FNDA:1,(anonymous_2)
FNDA:0,(anonymous_3)
FNDA:1,(anonymous_4)
FNDA:1,(anonymous_5)
FNDA:0,(anonymous_6)
FNDA:0,(anonymous_7)
FNDA:0,(anonymous_8)
FNDA:0,(anonymous_9)
FNDA:1,(anonymous_10)
FNDA:0,(anonymous_11)
FNDA:0,(anonymous_12)
DA:3,5
DA:4,5
DA:5,5
DA:6,5
DA:9,5
DA:10,5
DA:12,5
DA:13,1
DA:42,5
DA:43,2
DA:44,2
DA:45,0
DA:47,2
DA:50,5
DA:51,1
DA:52,1
DA:54,1
DA:56,1
DA:58,1
DA:59,1
DA:61,1
DA:62,1
DA:64,1
DA:65,1
DA:66,1
DA:68,1
DA:79,5
DA:80,0
DA:81,0
DA:83,0
DA:94,0
DA:96,0
DA:100,5
DA:101,1
DA:102,1
DA:104,1
DA:115,1
DA:117,0
DA:121,5
DA:122,1
DA:123,1
DA:125,1
DA:126,0
DA:129,1
DA:130,0
DA:135,1
DA:137,1
DA:138,0
DA:149,0
DA:152,1
DA:163,1
DA:165,0
DA:169,5
DA:170,0
DA:171,0
DA:173,0
DA:174,0
DA:177,0
DA:178,0
DA:181,0
DA:183,0
DA:184,0
DA:187,0
DA:198,0
DA:200,0
DA:204,5
DA:205,0
DA:206,0
DA:208,0
DA:209,0
DA:212,0
DA:213,0
DA:216,0
DA:217,0
DA:218,0
DA:229,0
DA:232,0
DA:233,0
DA:236,0
DA:238,0
DA:239,0
DA:250,0
DA:253,0
DA:264,0
DA:266,0
DA:270,5
DA:271,0
DA:272,0
DA:274,0
DA:275,0
DA:278,0
DA:279,0
DA:284,0
DA:285,0
DA:286,0
DA:297,0
DA:300,0
DA:311,0
DA:313,0
DA:317,5
DA:318,0
DA:319,0
DA:321,0
DA:332,0
DA:334,0
DA:338,5
DA:339,1
DA:341,1
DA:342,1
DA:352,1
DA:356,0
DA:360,5
DA:361,0
DA:362,0
DA:363,0
DA:364,0
DA:365,0
DA:366,0
DA:367,0
DA:368,0
DA:370,0
DA:374,0
DA:376,0
DA:380,5
DA:381,0
DA:382,0
DA:383,0
DA:385,0
DA:386,0
DA:389,0
DA:391,0
LF:131
LH:51
BRDA:13,0,0,1
BRDA:13,0,1,1
BRDA:13,0,2,0
BRDA:44,1,0,0
BRDA:44,1,1,2
BRDA:44,2,0,2
BRDA:44,2,1,0
BRDA:47,3,0,2
BRDA:47,3,1,0
BRDA:51,4,0,1
BRDA:51,4,1,1
BRDA:52,5,0,1
BRDA:52,5,1,1
BRDA:54,6,0,1
BRDA:54,6,1,0
BRDA:54,7,0,1
BRDA:54,7,1,1
BRDA:56,8,0,1
BRDA:56,8,1,0
BRDA:56,9,0,1
BRDA:56,9,1,1
BRDA:61,10,0,0
BRDA:61,10,1,1
BRDA:61,11,0,1
BRDA:61,11,1,0
BRDA:62,12,0,0
BRDA:62,12,1,1
BRDA:64,13,0,0
BRDA:64,13,1,1
BRDA:65,14,0,0
BRDA:65,14,1,1
BRDA:66,15,0,0
BRDA:66,15,1,1
BRDA:72,16,0,1
BRDA:72,16,1,1
BRDA:75,17,0,1
BRDA:75,17,1,1
BRDA:88,18,0,0
BRDA:88,18,1,0
BRDA:89,19,0,0
BRDA:89,19,1,0
BRDA:125,20,0,0
BRDA:125,20,1,1
BRDA:125,21,0,1
BRDA:125,21,1,1
BRDA:129,22,0,0
BRDA:129,22,1,1
BRDA:137,23,0,0
BRDA:137,23,1,1
BRDA:173,24,0,0
BRDA:173,24,1,0
BRDA:173,25,0,0
BRDA:173,25,1,0
BRDA:177,26,0,0
BRDA:177,26,1,0
BRDA:183,27,0,0
BRDA:183,27,1,0
BRDA:208,28,0,0
BRDA:208,28,1,0
BRDA:208,29,0,0
BRDA:208,29,1,0
BRDA:212,30,0,0
BRDA:212,30,1,0
BRDA:217,31,0,0
BRDA:217,31,1,0
BRDA:232,32,0,0
BRDA:232,32,1,0
BRDA:238,33,0,0
BRDA:238,33,1,0
BRDA:274,34,0,0
BRDA:274,34,1,0
BRDA:274,35,0,0
BRDA:274,35,1,0
BRDA:278,36,0,0
BRDA:278,36,1,0
BRDA:285,37,0,0
BRDA:285,37,1,0
BRDA:305,38,0,0
BRDA:305,38,1,0
BRDA:326,39,0,0
BRDA:326,39,1,0
BRDA:327,40,0,0
BRDA:327,40,1,0
BRDA:362,41,0,0
BRDA:362,41,1,0
BRDA:363,42,0,0
BRDA:363,42,1,0
BRDA:364,43,0,0
BRDA:364,43,1,0
BRDA:365,44,0,0
BRDA:365,44,1,0
BRDA:385,45,0,0
BRDA:385,45,1,0
BRF:93
BRH:30
end_of_record
TN:
SF:src\controllers\moodController.ts
FN:9,(anonymous_0)
FN:60,(anonymous_1)
FN:70,(anonymous_2)
FN:70,(anonymous_3)
FN:72,(anonymous_4)
FN:77,(anonymous_5)
FN:79,(anonymous_6)
FN:86,(anonymous_7)
FN:91,(anonymous_8)
FN:100,(anonymous_9)
FN:121,(anonymous_10)
FN:132,(anonymous_11)
FN:170,(anonymous_12)
FN:183,(anonymous_13)
FN:183,(anonymous_14)
FN:185,(anonymous_15)
FN:191,(anonymous_16)
FN:193,(anonymous_17)
FN:201,(anonymous_18)
FN:206,(anonymous_19)
FN:221,(anonymous_20)
FN:244,(anonymous_21)
FN:261,(anonymous_22)
FN:264,(anonymous_23)
FN:277,(anonymous_24)
FN:288,(anonymous_25)
FN:309,(anonymous_26)
FNF:27
FNH:27
FNDA:2,(anonymous_0)
FNDA:1,(anonymous_1)
FNDA:1,(anonymous_2)
FNDA:1,(anonymous_3)
FNDA:1,(anonymous_4)
FNDA:1,(anonymous_5)
FNDA:1,(anonymous_6)
FNDA:1,(anonymous_7)
FNDA:1,(anonymous_8)
FNDA:2,(anonymous_9)
FNDA:1,(anonymous_10)
FNDA:3,(anonymous_11)
FNDA:2,(anonymous_12)
FNDA:2,(anonymous_13)
FNDA:2,(anonymous_14)
FNDA:2,(anonymous_15)
FNDA:2,(anonymous_16)
FNDA:1,(anonymous_17)
FNDA:2,(anonymous_18)
FNDA:1,(anonymous_19)
FNDA:2,(anonymous_20)
FNDA:1,(anonymous_21)
FNDA:1,(anonymous_22)
FNDA:1,(anonymous_23)
FNDA:1,(anonymous_24)
FNDA:1,(anonymous_25)
FNDA:1,(anonymous_26)
DA:3,5
DA:4,5
DA:5,5
DA:7,5
DA:9,5
DA:10,2
DA:11,2
DA:24,2
DA:26,2
DA:27,1
DA:28,1
DA:29,0
DA:31,1
DA:32,0
DA:36,1
DA:37,1
DA:39,1
DA:47,1
DA:48,1
DA:51,1
DA:55,1
DA:56,0
DA:59,1
DA:60,1
DA:62,1
DA:64,1
DA:65,0
DA:68,1
DA:69,1
DA:70,1
DA:72,1
DA:73,0
DA:76,1
DA:77,1
DA:79,1
DA:81,1
DA:86,1
DA:91,1
DA:93,1
DA:94,1
DA:96,0
DA:97,0
DA:100,5
DA:101,2
DA:102,2
DA:103,2
DA:104,2
DA:105,2
DA:110,2
DA:115,2
DA:117,0
DA:118,0
DA:121,5
DA:122,1
DA:123,1
DA:124,1
DA:125,1
DA:127,0
DA:128,0
DA:132,5
DA:133,3
DA:134,3
DA:135,3
DA:136,3
DA:138,3
DA:139,0
DA:142,3
DA:143,1
DA:144,1
DA:145,0
DA:149,1
DA:151,1
DA:161,1
DA:162,0
DA:165,1
DA:166,1
DA:169,2
DA:170,2
DA:172,2
DA:174,2
DA:175,0
DA:178,2
DA:179,0
DA:182,2
DA:183,2
DA:185,2
DA:186,0
DA:189,2
DA:190,2
DA:191,2
DA:193,2
DA:195,2
DA:201,2
DA:206,1
DA:209,2
DA:210,0
DA:213,2
DA:214,2
DA:216,0
DA:217,0
DA:221,5
DA:222,2
DA:223,2
DA:224,2
DA:226,2
DA:227,0
DA:230,2
DA:232,2
DA:233,0
DA:236,2
DA:237,2
DA:239,0
DA:240,0
DA:244,5
DA:245,1
DA:246,1
DA:247,1
DA:249,1
DA:250,0
DA:253,1
DA:254,1
DA:256,0
DA:257,0
DA:261,5
DA:262,1
DA:263,1
DA:264,1
DA:270,1
DA:272,0
DA:273,0
DA:277,5
DA:278,1
DA:279,1
DA:280,1
DA:281,1
DA:283,0
DA:284,0
DA:288,5
DA:289,1
DA:290,1
DA:291,1
DA:293,1
DA:294,0
DA:297,1
DA:298,1
DA:304,0
DA:305,0
DA:309,5
DA:310,1
DA:311,1
DA:312,1
DA:314,1
DA:315,0
DA:318,1
DA:319,1
DA:321,0
DA:322,0
LF:157
LH:120
BRDA:26,0,0,1
BRDA:26,0,1,1
BRDA:26,1,0,2
BRDA:26,1,1,1
BRDA:26,1,2,1
BRDA:28,2,0,0
BRDA:28,2,1,1
BRDA:28,3,0,1
BRDA:28,3,1,1
BRDA:31,4,0,0
BRDA:31,4,1,1
BRDA:31,5,0,1
BRDA:31,5,1,1
BRDA:36,6,0,1
BRDA:36,6,1,0
BRDA:37,7,0,1
BRDA:37,7,1,0
BRDA:41,8,0,1
BRDA:41,8,1,0
BRDA:42,9,0,1
BRDA:42,9,1,0
BRDA:51,10,0,0
BRDA:51,10,1,1
BRDA:53,11,0,1
BRDA:53,11,1,1
BRDA:53,11,2,0
BRDA:53,11,3,0
BRDA:55,12,0,0
BRDA:55,12,1,1
BRDA:55,13,0,1
BRDA:55,13,1,1
BRDA:59,14,0,0
BRDA:59,14,1,1
BRDA:64,15,0,0
BRDA:64,15,1,1
BRDA:64,16,0,1
BRDA:64,16,1,1
BRDA:64,16,2,1
BRDA:68,17,0,1
BRDA:68,17,1,0
BRDA:72,18,0,0
BRDA:72,18,1,1
BRDA:76,19,0,1
BRDA:76,19,1,0
BRDA:76,20,0,0
BRDA:76,20,1,0
BRDA:83,21,0,1
BRDA:83,21,1,0
BRDA:84,22,0,1
BRDA:84,22,1,0
BRDA:103,23,0,2
BRDA:103,23,1,1
BRDA:104,24,0,2
BRDA:104,24,1,1
BRDA:104,24,2,1
BRDA:105,25,0,1
BRDA:105,25,1,1
BRDA:113,26,0,1
BRDA:113,26,1,1
BRDA:138,27,0,0
BRDA:138,27,1,3
BRDA:138,28,0,3
BRDA:138,28,1,3
BRDA:142,29,0,1
BRDA:142,29,1,2
BRDA:142,30,0,3
BRDA:142,30,1,1
BRDA:142,30,2,1
BRDA:144,31,0,0
BRDA:144,31,1,1
BRDA:144,32,0,1
BRDA:144,32,1,1
BRDA:149,33,0,1
BRDA:149,33,1,0
BRDA:154,34,0,1
BRDA:154,34,1,0
BRDA:154,34,2,0
BRDA:155,35,0,1
BRDA:155,35,1,0
BRDA:158,36,0,1
BRDA:158,36,1,0
BRDA:161,37,0,0
BRDA:161,37,1,1
BRDA:169,38,0,0
BRDA:169,38,1,2
BRDA:169,39,0,2
BRDA:169,39,1,0
BRDA:174,40,0,0
BRDA:174,40,1,2
BRDA:174,41,0,2
BRDA:174,41,1,2
BRDA:178,42,0,0
BRDA:178,42,1,2
BRDA:178,43,0,2
BRDA:178,43,1,2
BRDA:185,44,0,0
BRDA:185,44,1,2
BRDA:189,45,0,2
BRDA:189,45,1,1
BRDA:190,46,0,1
BRDA:190,46,1,1
BRDA:190,47,0,1
BRDA:190,47,1,1
BRDA:198,48,0,2
BRDA:198,48,1,2
BRDA:198,48,2,1
BRDA:199,49,0,2
BRDA:199,49,1,1
BRDA:209,50,0,0
BRDA:209,50,1,2
BRDA:226,51,0,0
BRDA:226,51,1,2
BRDA:226,52,0,2
BRDA:226,52,1,2
BRDA:232,53,0,0
BRDA:232,53,1,2
BRDA:247,54,0,1
BRDA:247,54,1,0
BRDA:249,55,0,0
BRDA:249,55,1,1
BRDA:293,56,0,0
BRDA:293,56,1,1
BRDA:293,57,0,1
BRDA:293,57,1,1
BRDA:312,58,0,1
BRDA:312,58,1,0
BRDA:314,59,0,0
BRDA:314,59,1,1
BRF:128
BRH:88
end_of_record
TN:
SF:src\controllers\musicController.ts
FN:7,(anonymous_0)
FN:30,(anonymous_1)
FN:61,(anonymous_2)
FN:91,(anonymous_3)
FN:130,(anonymous_4)
FNF:5
FNH:1
FNDA:1,(anonymous_0)
FNDA:0,(anonymous_1)
FNDA:0,(anonymous_2)
FNDA:0,(anonymous_3)
FNDA:0,(anonymous_4)
DA:2,4
DA:4,4
DA:7,4
DA:11,1
DA:12,1
DA:13,1
DA:15,1
DA:21,0
DA:22,0
DA:30,4
DA:34,0
DA:35,0
DA:36,0
DA:38,0
DA:39,0
DA:43,0
DA:46,0
DA:52,0
DA:53,0
DA:61,4
DA:65,0
DA:66,0
DA:67,0
DA:76,0
DA:82,0
DA:83,0
DA:91,4
DA:95,0
DA:96,0
DA:97,0
DA:98,0
DA:107,0
DA:108,0
DA:112,0
DA:115,0
DA:121,0
DA:122,0
DA:130,4
DA:134,0
DA:135,0
DA:136,0
DA:138,0
DA:139,0
DA:143,0
DA:146,0
DA:151,0
DA:152,0
LF:47
LH:11
BRDA:38,0,0,0
BRDA:38,0,1,0
BRDA:107,1,0,0
BRDA:107,1,1,0
BRDA:138,2,0,0
BRDA:138,2,1,0
BRF:6
BRH:0
end_of_record
TN:
SF:src\controllers\postController.ts
FN:12,(anonymous_1)
FN:54,(anonymous_2)
FN:70,(anonymous_3)
FN:91,(anonymous_4)
FN:110,(anonymous_5)
FN:134,(anonymous_6)
FN:169,(anonymous_7)
FN:193,(anonymous_8)
FN:210,(anonymous_9)
FN:223,(anonymous_10)
FNF:10
FNH:1
FNDA:0,(anonymous_1)
FNDA:1,(anonymous_2)
FNDA:0,(anonymous_3)
FNDA:0,(anonymous_4)
FNDA:0,(anonymous_5)
FNDA:0,(anonymous_6)
FNDA:0,(anonymous_7)
FNDA:0,(anonymous_8)
FNDA:0,(anonymous_9)
FNDA:0,(anonymous_10)
DA:3,4
DA:4,4
DA:5,4
DA:7,4
DA:12,4
DA:13,0
DA:14,0
DA:15,0
DA:17,0
DA:18,0
DA:21,0
DA:22,0
DA:25,0
DA:26,0
DA:27,0
DA:34,0
DA:40,0
DA:46,0
DA:47,0
DA:54,4
DA:55,1
DA:56,1
DA:57,1
DA:59,1
DA:60,1
DA:62,0
DA:63,0
DA:70,4
DA:71,0
DA:72,0
DA:74,0
DA:75,0
DA:78,0
DA:79,0
DA:80,0
DA:83,0
DA:84,0
DA:86,0
DA:87,0
DA:91,4
DA:92,0
DA:93,0
DA:95,0
DA:96,0
DA:99,0
DA:100,0
DA:102,0
DA:103,0
DA:110,4
DA:111,0
DA:112,0
DA:113,0
DA:115,0
DA:116,0
DA:119,0
DA:120,0
DA:121,0
DA:124,0
DA:126,0
DA:127,0
DA:134,4
DA:135,0
DA:136,0
DA:137,0
DA:138,0
DA:140,0
DA:141,0
DA:144,0
DA:145,0
DA:148,0
DA:149,0
DA:150,0
DA:153,0
DA:159,0
DA:161,0
DA:162,0
DA:169,4
DA:170,0
DA:171,0
DA:172,0
DA:174,0
DA:175,0
DA:178,0
DA:179,0
DA:180,0
DA:183,0
DA:185,0
DA:186,0
DA:193,4
DA:194,0
DA:195,0
DA:196,0
DA:197,0
DA:199,0
DA:200,0
DA:202,0
DA:203,0
DA:210,4
DA:211,0
DA:212,0
DA:213,0
DA:215,0
DA:216,0
DA:223,4
DA:224,0
DA:225,0
DA:226,0
DA:228,0
DA:229,0
DA:232,0
DA:233,0
DA:236,0
DA:237,0
DA:238,0
DA:241,0
DA:243,0
DA:244,0
LF:117
LH:19
BRDA:17,0,0,0
BRDA:17,0,1,0
BRDA:17,1,0,0
BRDA:17,1,1,0
BRDA:21,2,0,0
BRDA:21,2,1,0
BRDA:21,3,0,0
BRDA:21,3,1,0
BRDA:26,4,0,0
BRDA:26,4,1,0
BRDA:38,5,0,0
BRDA:38,5,1,0
BRDA:43,6,0,0
BRDA:43,6,1,0
BRDA:56,7,0,1
BRDA:56,7,1,1
BRDA:57,8,0,1
BRDA:57,8,1,1
BRDA:74,9,0,0
BRDA:74,9,1,0
BRDA:79,10,0,0
BRDA:79,10,1,0
BRDA:95,11,0,0
BRDA:95,11,1,0
BRDA:115,12,0,0
BRDA:115,12,1,0
BRDA:120,13,0,0
BRDA:120,13,1,0
BRDA:140,14,0,0
BRDA:140,14,1,0
BRDA:144,15,0,0
BRDA:144,15,1,0
BRDA:144,16,0,0
BRDA:144,16,1,0
BRDA:149,17,0,0
BRDA:149,17,1,0
BRDA:157,18,0,0
BRDA:157,18,1,0
BRDA:174,19,0,0
BRDA:174,19,1,0
BRDA:179,20,0,0
BRDA:179,20,1,0
BRDA:195,21,0,0
BRDA:195,21,1,0
BRDA:196,22,0,0
BRDA:196,22,1,0
BRDA:199,23,0,0
BRDA:199,23,1,0
BRDA:228,24,0,0
BRDA:228,24,1,0
BRDA:232,25,0,0
BRDA:232,25,1,0
BRDA:232,26,0,0
BRDA:232,26,1,0
BRDA:237,27,0,0
BRDA:237,27,1,0
BRF:56
BRH:4
end_of_record
TN:
SF:src\controllers\promptController.ts
FN:7,(anonymous_1)
FN:15,(anonymous_2)
FN:24,(anonymous_3)
FN:40,(anonymous_4)
FN:59,(anonymous_5)
FN:76,(anonymous_6)
FNF:6
FNH:0
FNDA:0,(anonymous_1)
FNDA:0,(anonymous_2)
FNDA:0,(anonymous_3)
FNDA:0,(anonymous_4)
FNDA:0,(anonymous_5)
FNDA:0,(anonymous_6)
DA:3,4
DA:4,4
DA:5,4
DA:7,4
DA:8,0
DA:9,0
DA:10,0
DA:12,0
DA:15,4
DA:16,0
DA:17,0
DA:18,0
DA:20,0
DA:24,4
DA:25,0
DA:26,0
DA:27,0
DA:28,0
DA:30,0
DA:31,0
DA:32,0
DA:34,0
DA:36,0
DA:40,4
DA:41,0
DA:42,0
DA:43,0
DA:44,0
DA:46,0
DA:49,0
DA:50,0
DA:52,0
DA:53,0
DA:55,0
DA:59,4
DA:60,0
DA:61,0
DA:62,0
DA:63,0
DA:65,0
DA:66,0
DA:67,0
DA:69,0
DA:70,0
DA:72,0
DA:76,4
DA:77,0
DA:78,0
DA:79,0
DA:80,0
DA:82,0
DA:83,0
DA:84,0
DA:86,0
DA:87,0
DA:89,0
LF:56
LH:9
BRDA:9,0,0,0
BRDA:9,0,1,0
BRDA:9,1,0,0
BRDA:9,1,1,0
BRDA:12,2,0,0
BRDA:12,2,1,0
BRDA:27,3,0,0
BRDA:27,3,1,0
BRDA:27,4,0,0
BRDA:27,4,1,0
BRDA:31,5,0,0
BRDA:31,5,1,0
BRDA:43,6,0,0
BRDA:43,6,1,0
BRDA:43,7,0,0
BRDA:43,7,1,0
BRDA:43,7,2,0
BRDA:43,7,3,0
BRDA:52,8,0,0
BRDA:52,8,1,0
BRDA:62,9,0,0
BRDA:62,9,1,0
BRDA:62,10,0,0
BRDA:62,10,1,0
BRDA:69,11,0,0
BRDA:69,11,1,0
BRDA:79,12,0,0
BRDA:79,12,1,0
BRDA:79,13,0,0
BRDA:79,13,1,0
BRDA:86,14,0,0
BRDA:86,14,1,0
BRF:32
BRH:0
end_of_record
TN:
SF:src\controllers\questionnaireController.ts
FN:23,(anonymous_0)
FN:39,(anonymous_1)
FN:59,(anonymous_2)
FN:71,(anonymous_3)
FN:87,(anonymous_4)
FN:103,(anonymous_5)
FN:122,(anonymous_6)
FN:144,(anonymous_7)
FNF:8
FNH:7
FNDA:1,(anonymous_0)
FNDA:1,(anonymous_1)
FNDA:1,(anonymous_2)
FNDA:1,(anonymous_3)
FNDA:1,(anonymous_4)
FNDA:1,(anonymous_5)
FNDA:0,(anonymous_6)
FNDA:1,(anonymous_7)
DA:2,5
DA:4,5
DA:5,5
DA:6,5
DA:8,5
DA:13,5
DA:23,5
DA:28,1
DA:29,1
DA:30,1
DA:32,0
DA:39,5
DA:44,1
DA:45,1
DA:46,1
DA:47,1
DA:48,0
DA:50,1
DA:52,0
DA:59,5
DA:64,1
DA:65,1
DA:66,1
DA:67,1
DA:68,0
DA:70,1
DA:71,1
DA:75,1
DA:77,0
DA:87,5
DA:92,1
DA:93,1
DA:94,1
DA:96,1
DA:97,0
DA:100,1
DA:103,1
DA:109,1
DA:111,0
DA:112,0
DA:114,0
DA:122,5
DA:127,0
DA:128,0
DA:129,0
DA:131,0
DA:132,0
DA:135,0
DA:137,0
DA:144,5
DA:149,1
DA:150,1
DA:151,1
DA:152,1
DA:154,0
LF:55
LH:38
BRDA:47,0,0,0
BRDA:47,0,1,1
BRDA:67,1,0,0
BRDA:67,1,1,1
BRDA:96,2,0,0
BRDA:96,2,1,1
BRDA:96,3,0,1
BRDA:96,3,1,1
BRDA:96,3,2,1
BRDA:96,3,3,1
BRDA:111,4,0,0
BRDA:111,4,1,0
BRDA:131,5,0,0
BRDA:131,5,1,0
BRF:14
BRH:7
end_of_record
TN:
SF:src\controllers\relaxController.ts
FN:8,(anonymous_1)
FN:36,(anonymous_2)
FN:58,(anonymous_3)
FN:77,(anonymous_4)
FNF:4
FNH:0
FNDA:0,(anonymous_1)
FNDA:0,(anonymous_2)
FNDA:0,(anonymous_3)
FNDA:0,(anonymous_4)
DA:3,4
DA:4,4
DA:6,4
DA:8,4
DA:12,0
DA:13,0
DA:14,0
DA:16,0
DA:17,0
DA:20,0
DA:27,0
DA:29,0
DA:30,0
DA:36,4
DA:40,0
DA:41,0
DA:42,0
DA:49,0
DA:51,0
DA:52,0
DA:58,4
DA:62,0
DA:63,0
DA:64,0
DA:68,0
DA:70,0
DA:71,0
DA:77,4
DA:81,0
DA:82,0
DA:83,0
DA:84,0
DA:85,0
DA:88,0
DA:89,0
DA:90,0
DA:93,0
DA:95,0
DA:96,0
LF:39
LH:7
BRDA:16,0,0,0
BRDA:16,0,1,0
BRDA:16,1,0,0
BRDA:16,1,1,0
BRDA:16,1,2,0
BRDA:46,2,0,0
BRDA:46,2,1,0
BRDA:47,3,0,0
BRDA:47,3,1,0
BRDA:84,4,0,0
BRDA:84,4,1,0
BRDA:84,5,0,0
BRDA:84,5,1,0
BRDA:89,6,0,0
BRDA:89,6,1,0
BRF:15
BRH:0
end_of_record
TN:
SF:src\db\migrate.ts
FN:12,(anonymous_1)
FN:14,(anonymous_2)
FN:23,(anonymous_3)
FN:42,(anonymous_4)
FN:47,(anonymous_5)
FN:52,(anonymous_6)
FN:60,(anonymous_7)
FN:91,(anonymous_8)
FNF:8
FNH:0
FNDA:0,(anonymous_1)
FNDA:0,(anonymous_2)
FNDA:0,(anonymous_3)
FNDA:0,(anonymous_4)
FNDA:0,(anonymous_5)
FNDA:0,(anonymous_6)
FNDA:0,(anonymous_7)
FNDA:0,(anonymous_8)
DA:1,0
DA:2,0
DA:3,0
DA:4,0
DA:6,0
DA:7,0
DA:9,0
DA:12,0
DA:15,0
DA:16,0
DA:20,0
DA:21,0
DA:23,0
DA:24,0
DA:25,0
DA:42,0
DA:43,0
DA:44,0
DA:47,0
DA:48,0
DA:49,0
DA:52,0
DA:54,0
DA:55,0
DA:56,0
DA:60,0
DA:61,0
DA:62,0
DA:64,0
DA:65,0
DA:67,0
DA:68,0
DA:69,0
DA:70,0
DA:73,0
DA:74,0
DA:75,0
DA:76,0
DA:79,0
DA:80,0
DA:81,0
DA:84,0
DA:86,0
DA:90,0
DA:91,0
DA:92,0
DA:93,0
LF:47
LH:0
BRDA:14,0,0,0
BRDA:16,1,0,0
BRDA:16,1,1,0
BRDA:55,2,0,0
BRDA:55,2,1,0
BRDA:60,3,0,0
BRDA:60,4,0,0
BRDA:60,4,1,0
BRDA:67,5,0,0
BRDA:67,5,1,0
BRDA:73,6,0,0
BRDA:73,6,1,0
BRDA:79,7,0,0
BRDA:79,7,1,0
BRDA:90,8,0,0
BRDA:90,8,1,0
BRDA:92,9,0,0
BRDA:92,9,1,0
BRF:18
BRH:0
end_of_record
TN:
SF:src\db\migrationRunner.ts
FN:45,(anonymous_1)
FN:47,(anonymous_2)
FN:54,(anonymous_3)
FN:57,(anonymous_4)
FN:60,(anonymous_5)
FN:63,(anonymous_6)
FN:80,(anonymous_7)
FN:81,(anonymous_8)
FN:104,(anonymous_9)
FN:118,(anonymous_10)
FN:122,(anonymous_11)
FN:126,(anonymous_12)
FN:129,(anonymous_13)
FN:141,(anonymous_14)
FN:154,(anonymous_15)
FN:167,(anonymous_16)
FN:170,(anonymous_17)
FN:204,(anonymous_18)
FNF:18
FNH:18
FNDA:12,(anonymous_1)
FNDA:1,(anonymous_2)
FNDA:9,(anonymous_3)
FNDA:9,(anonymous_4)
FNDA:18,(anonymous_5)
FNDA:8,(anonymous_6)
FNDA:5,(anonymous_7)
FNDA:13,(anonymous_8)
FNDA:7,(anonymous_9)
FNDA:7,(anonymous_10)
FNDA:7,(anonymous_11)
FNDA:5,(anonymous_12)
FNDA:7,(anonymous_13)
FNDA:7,(anonymous_14)
FNDA:2,(anonymous_15)
FNDA:7,(anonymous_16)
FNDA:6,(anonymous_17)
FNDA:1,(anonymous_18)
DA:1,1
DA:2,1
DA:3,1
DA:42,1
DA:43,1
DA:45,12
DA:47,1
DA:48,1
DA:49,1
DA:54,1
DA:55,9
DA:57,9
DA:60,18
DA:63,1
DA:64,8
DA:66,8
DA:67,25
DA:68,25
DA:70,25
DA:71,25
DA:72,25
DA:73,25
DA:74,25
DA:75,25
DA:78,8
DA:79,8
DA:80,5
DA:82,13
DA:83,1
DA:85,12
DA:86,0
DA:88,12
DA:90,12
DA:91,12
DA:92,12
DA:104,1
DA:109,7
DA:113,7
DA:114,0
DA:118,1
DA:119,7
DA:122,1
DA:123,7
DA:126,7
DA:129,1
DA:133,7
DA:134,12
DA:135,12
DA:136,1
DA:141,1
DA:142,7
DA:143,7
DA:144,7
DA:145,7
DA:147,1
DA:154,1
DA:155,2
DA:156,2
DA:157,2
DA:158,2
DA:160,0
DA:167,1
DA:168,7
DA:169,7
DA:170,7
DA:171,7
DA:173,6
DA:174,6
DA:175,6
DA:176,6
DA:178,5
DA:179,5
DA:181,5
DA:182,9
DA:183,9
DA:184,2
DA:185,2
DA:188,7
DA:189,7
DA:190,6
DA:191,6
DA:195,6
DA:198,4
DA:200,6
DA:204,1
DA:207,1
DA:208,1
DA:209,1
DA:211,1
DA:212,1
DA:213,1
DA:214,1
DA:216,1
DA:217,1
DA:218,2
DA:219,2
DA:221,2
DA:222,2
DA:223,2
DA:226,1
DA:228,1
LF:101
LH:98
BRDA:48,0,0,1
BRDA:48,0,1,0
BRDA:68,1,0,0
BRDA:68,1,1,25
BRDA:72,2,0,25
BRDA:72,2,1,13
BRDA:73,3,0,13
BRDA:73,3,1,12
BRDA:74,4,0,12
BRDA:74,4,1,13
BRDA:82,5,0,1
BRDA:82,5,1,12
BRDA:82,6,0,13
BRDA:82,6,1,13
BRDA:85,7,0,0
BRDA:85,7,1,12
BRDA:113,8,0,0
BRDA:113,8,1,7
BRDA:135,9,0,1
BRDA:135,9,1,11
BRDA:135,10,0,12
BRDA:135,10,1,5
BRDA:168,11,0,7
BRDA:168,11,1,7
BRDA:169,12,0,7
BRDA:169,12,1,7
BRDA:170,13,0,7
BRDA:170,13,1,7
BRDA:183,14,0,2
BRDA:183,14,1,7
BRDA:207,15,0,1
BRDA:207,15,1,1
BRDA:208,16,0,1
BRDA:208,16,1,1
BRDA:219,17,0,0
BRDA:219,17,1,2
BRF:36
BRH:31
end_of_record
TN:
SF:src\db\seed.ts
FN:11,(anonymous_1)
FN:13,(anonymous_2)
FN:19,(anonymous_3)
FN:38,(anonymous_4)
FN:78,(anonymous_5)
FNF:5
FNH:0
FNDA:0,(anonymous_1)
FNDA:0,(anonymous_2)
FNDA:0,(anonymous_3)
FNDA:0,(anonymous_4)
FNDA:0,(anonymous_5)
DA:1,0
DA:2,0
DA:4,0
DA:5,0
DA:6,0
DA:8,0
DA:11,0
DA:14,0
DA:15,0
DA:19,0
DA:20,0
DA:21,0
DA:38,0
DA:39,0
DA:40,0
DA:42,0
DA:43,0
DA:44,0
DA:45,0
DA:46,0
DA:49,0
DA:50,0
DA:51,0
DA:52,0
DA:53,0
DA:56,0
DA:57,0
DA:58,0
DA:59,0
DA:60,0
DA:63,0
DA:64,0
DA:65,0
DA:66,0
DA:67,0
DA:68,0
DA:71,0
DA:73,0
DA:77,0
DA:78,0
DA:79,0
DA:80,0
LF:42
LH:0
BRDA:13,0,0,0
BRDA:15,1,0,0
BRDA:15,1,1,0
BRDA:38,2,0,0
BRDA:38,3,0,0
BRDA:38,3,1,0
BRDA:43,4,0,0
BRDA:43,4,1,0
BRDA:49,5,0,0
BRDA:49,5,1,0
BRDA:56,6,0,0
BRDA:56,6,1,0
BRDA:63,7,0,0
BRDA:63,7,1,0
BRDA:77,8,0,0
BRDA:77,8,1,0
BRDA:79,9,0,0
BRDA:79,9,1,0
BRF:18
BRH:0
end_of_record
TN:
SF:src\db\seeds\coreSeed.ts
FN:101,(anonymous_0)
FN:103,(anonymous_1)
FNF:2
FNH:2
FNDA:2,(anonymous_0)
FNDA:2,(anonymous_1)
DA:25,1
DA:43,1
DA:67,1
DA:83,1
DA:92,1
DA:101,2
DA:103,1
DA:104,2
DA:106,2
DA:107,6
DA:115,2
DA:116,42
DA:124,2
DA:125,2
DA:126,6
DA:127,60
DA:136,60
DA:140,2
DA:141,12
DA:149,2
DA:150,12
DA:158,2
LF:22
LH:22
BRF:0
BRH:0
end_of_record
TN:
SF:src\db\seeds\profileSeed.ts
FN:61,(anonymous_1)
FN:63,(anonymous_2)
FN:81,(anonymous_3)
FN:93,(anonymous_4)
FN:101,(anonymous_5)
FN:107,(anonymous_6)
FN:110,(anonymous_7)
FN:116,(anonymous_8)
FN:119,(anonymous_9)
FN:125,(anonymous_10)
FN:128,(anonymous_11)
FN:196,(anonymous_12)
FN:259,(anonymous_13)
FNF:13
FNH:13
FNDA:7,(anonymous_1)
FNDA:10,(anonymous_2)
FNDA:4,(anonymous_3)
FNDA:2,(anonymous_4)
FNDA:1,(anonymous_5)
FNDA:3,(anonymous_6)
FNDA:1,(anonymous_7)
FNDA:3,(anonymous_8)
FNDA:1,(anonymous_9)
FNDA:3,(anonymous_10)
FNDA:4,(anonymous_11)
FNDA:3,(anonymous_12)
FNDA:1,(anonymous_13)
DA:1,1
DA:2,1
DA:32,1
DA:53,1
DA:61,7
DA:63,1
DA:64,10
DA:65,10
DA:66,0
DA:69,10
DA:70,10
DA:71,10
DA:72,10
DA:74,10
DA:81,1
DA:82,4
DA:83,1
DA:86,3
DA:87,3
DA:88,1
DA:90,2
DA:93,1
DA:94,2
DA:95,2
DA:96,1
DA:98,1
DA:101,1
DA:102,1
DA:107,3
DA:110,1
DA:111,1
DA:116,3
DA:119,1
DA:120,1
DA:125,3
DA:128,1
DA:133,4
DA:134,2
DA:135,1
DA:136,1
DA:137,1
DA:139,1
DA:140,3
DA:141,3
DA:142,0
DA:145,3
DA:153,1
DA:154,1
DA:155,1
DA:156,0
DA:159,1
DA:165,1
DA:166,1
DA:167,1
DA:168,5
DA:169,5
DA:170,5
DA:171,5
DA:172,0
DA:175,5
DA:188,5
DA:193,5
DA:196,3
DA:199,1
DA:227,1
DA:234,1
DA:241,1
DA:250,1
DA:259,1
DA:260,1
DA:261,1
DA:263,1
DA:276,1
DA:285,1
DA:311,1
DA:312,5
DA:323,1
LF:77
LH:73
BRDA:65,0,0,0
BRDA:65,0,1,10
BRDA:82,1,0,1
BRDA:82,1,1,3
BRDA:87,2,0,1
BRDA:87,2,1,2
BRDA:95,3,0,1
BRDA:95,3,1,1
BRDA:130,4,0,0
BRDA:131,5,0,4
BRDA:141,6,0,0
BRDA:141,6,1,3
BRDA:155,7,0,0
BRDA:155,7,1,1
BRDA:160,8,0,1
BRDA:160,8,1,0
BRDA:161,9,0,1
BRDA:161,9,1,0
BRDA:162,10,0,1
BRDA:162,10,1,0
BRDA:171,11,0,0
BRDA:171,11,1,5
BRDA:259,12,0,1
BRF:23
BRH:15
end_of_record
TN:
SF:src\db\seeds\promptSeed.ts
FN:78,(anonymous_0)
FNF:1
FNH:0
FNDA:0,(anonymous_0)
DA:9,0
DA:78,0
DA:79,0
DA:81,0
DA:82,0
DA:105,0
DA:108,0
LF:7
LH:0
BRF:0
BRH:0
end_of_record
TN:
SF:src\middleware\auth.ts
FN:49,(anonymous_1)
FN:56,(anonymous_2)
FN:61,(anonymous_3)
FN:207,(anonymous_4)
FN:211,(anonymous_5)
FN:219,(anonymous_6)
FN:240,(anonymous_7)
FN:249,(anonymous_8)
FN:253,(anonymous_9)
FN:288,(anonymous_10)
FN:317,(anonymous_11)
FN:320,(anonymous_12)
FN:351,(anonymous_13)
FN:352,(anonymous_14)
FNF:14
FNH:12
FNDA:8,(anonymous_1)
FNDA:2,(anonymous_2)
FNDA:1,(anonymous_3)
FNDA:2,(anonymous_4)
FNDA:1,(anonymous_5)
FNDA:1,(anonymous_6)
FNDA:2,(anonymous_7)
FNDA:2,(anonymous_8)
FNDA:1,(anonymous_9)
FNDA:0,(anonymous_10)
FNDA:8,(anonymous_11)
FNDA:0,(anonymous_12)
FNDA:118,(anonymous_13)
FNDA:2,(anonymous_14)
DA:2,6
DA:3,6
DA:4,6
DA:5,6
DA:6,6
DA:7,6
DA:9,6
DA:47,6
DA:49,6
DA:50,8
DA:56,6
DA:57,2
DA:58,2
DA:61,6
DA:62,1
DA:63,1
DA:71,6
DA:207,6
DA:208,2
DA:211,6
DA:212,1
DA:213,1
DA:214,1
DA:216,0
DA:219,6
DA:226,1
DA:240,6
DA:241,2
DA:242,2
DA:245,0
DA:246,0
DA:249,6
DA:250,2
DA:253,6
DA:254,1
DA:255,1
DA:256,1
DA:257,1
DA:260,0
DA:261,0
DA:262,0
DA:265,0
DA:266,0
DA:267,0
DA:270,0
DA:271,0
DA:272,0
DA:277,0
DA:279,0
DA:283,0
DA:288,6
DA:289,0
DA:290,0
DA:293,0
DA:294,0
DA:299,0
DA:306,0
DA:309,0
DA:317,6
DA:318,8
DA:320,8
DA:321,0
DA:322,0
DA:325,0
DA:326,0
DA:332,0
DA:339,0
DA:342,0
DA:351,6
DA:352,118
DA:353,2
DA:354,0
DA:357,2
DA:358,2
DA:360,2
DA:361,1
DA:367,1
DA:374,1
DA:377,1
LF:79
LH:49
BRDA:50,0,0,8
BRDA:50,0,1,8
BRDA:57,1,0,2
BRDA:57,1,1,1
BRDA:62,2,0,1
BRDA:62,2,1,1
BRDA:213,3,0,1
BRDA:213,3,1,0
BRDA:213,4,0,1
BRDA:213,4,1,1
BRDA:216,5,0,0
BRDA:216,5,1,0
BRDA:241,6,0,2
BRDA:241,6,1,0
BRDA:256,7,0,1
BRDA:256,7,1,0
BRDA:261,8,0,0
BRDA:261,8,1,0
BRDA:261,9,0,0
BRDA:261,9,1,0
BRDA:265,10,0,0
BRDA:265,10,1,0
BRDA:281,11,0,0
BRDA:281,11,1,0
BRDA:289,12,0,0
BRDA:289,12,1,0
BRDA:293,13,0,0
BRDA:293,13,1,0
BRDA:293,14,0,0
BRDA:293,14,1,0
BRDA:321,15,0,0
BRDA:321,15,1,0
BRDA:325,16,0,0
BRDA:325,16,1,0
BRDA:353,17,0,0
BRDA:353,17,1,2
BRDA:360,18,0,1
BRDA:360,18,1,1
BRF:38
BRH:14
end_of_record
TN:
SF:src\middleware\errorHandler.ts
FN:15,(anonymous_9)
FN:54,(anonymous_10)
FNF:2
FNH:2
FNDA:5,(anonymous_9)
FNDA:3,(anonymous_10)
DA:2,5
DA:3,5
DA:4,5
DA:15,5
DA:21,5
DA:22,5
DA:23,5
DA:24,5
DA:30,5
DA:41,5
DA:42,1
DA:44,4
DA:47,5
DA:51,5
DA:54,5
DA:55,3
LF:16
LH:16
BRDA:21,0,0,5
BRDA:21,0,1,4
BRDA:22,1,0,1
BRDA:22,1,1,4
BRDA:22,2,0,4
BRDA:22,2,1,1
BRDA:22,2,2,1
BRDA:24,3,0,1
BRDA:24,3,1,4
BRDA:26,4,0,1
BRDA:26,4,1,3
BRDA:26,5,0,4
BRDA:26,5,1,1
BRDA:28,6,0,3
BRDA:28,6,1,0
BRDA:31,7,0,5
BRDA:31,7,1,0
BRDA:32,8,0,5
BRDA:32,8,1,0
BRDA:38,9,0,5
BRDA:38,9,1,5
BRDA:41,10,0,1
BRDA:41,10,1,4
BRDA:47,11,0,1
BRDA:47,11,1,4
BRF:25
BRH:22
end_of_record
TN:
SF:src\middleware\validateRequest.ts
FN:4,(anonymous_0)
FNF:1
FNH:0
FNDA:0,(anonymous_0)
DA:1,4
DA:4,4
DA:5,0
DA:6,0
DA:7,0
DA:9,0
LF:6
LH:2
BRDA:6,0,0,0
BRDA:6,0,1,0
BRF:2
BRH:0
end_of_record
TN:
SF:src\models\aiModel.ts
FN:164,(anonymous_0)
FNF:1
FNH:0
FNDA:0,(anonymous_0)
DA:164,0
DA:169,0
DA:170,0
LF:3
LH:0
BRDA:169,0,0,0
BRDA:169,0,1,0
BRF:2
BRH:0
end_of_record
TN:
SF:src\repositories\accessRepository.ts
FN:9,(anonymous_0)
FN:10,(anonymous_1)
FNF:2
FNH:2
FNDA:2,(anonymous_0)
FNDA:2,(anonymous_1)
DA:2,6
DA:9,6
DA:10,2
DA:11,2
DA:24,2
DA:27,2
LF:6
LH:6
BRDA:9,0,0,0
BRF:1
BRH:0
end_of_record
TN:
SF:src\repositories\achievementRepository.ts
FN:57,(anonymous_0)
FN:66,(anonymous_1)
FN:67,(anonymous_2)
FN:71,(anonymous_3)
FN:82,(anonymous_4)
FN:92,(anonymous_5)
FN:109,(anonymous_6)
FN:123,(anonymous_7)
FN:126,(anonymous_8)
FN:141,(anonymous_9)
FN:143,(anonymous_10)
FN:157,(anonymous_11)
FNF:12
FNH:2
FNDA:0,(anonymous_0)
FNDA:4,(anonymous_1)
FNDA:1,(anonymous_2)
FNDA:0,(anonymous_3)
FNDA:0,(anonymous_4)
FNDA:0,(anonymous_5)
FNDA:0,(anonymous_6)
FNDA:0,(anonymous_7)
FNDA:0,(anonymous_8)
FNDA:0,(anonymous_9)
FNDA:0,(anonymous_10)
FNDA:0,(anonymous_11)
DA:2,4
DA:57,4
DA:58,0
DA:59,0
DA:60,0
DA:61,0
DA:62,0
DA:66,4
DA:67,4
DA:68,1
DA:71,1
DA:82,4
DA:83,0
DA:92,0
DA:109,4
DA:110,0
DA:111,0
DA:112,0
DA:113,0
DA:117,0
DA:119,0
DA:123,4
DA:124,0
DA:125,0
DA:126,0
DA:128,0
DA:129,0
DA:130,0
DA:131,0
DA:138,0
DA:141,4
DA:142,0
DA:143,0
DA:144,0
DA:145,0
DA:147,0
DA:148,0
DA:149,0
DA:156,0
DA:157,0
DA:160,4
LF:41
LH:11
BRDA:58,0,0,0
BRDA:58,0,1,0
BRDA:58,0,2,0
BRDA:58,0,3,0
BRDA:66,1,0,4
BRDA:96,2,0,0
BRDA:96,2,1,0
BRDA:111,3,0,0
BRDA:111,3,1,0
BRDA:117,4,0,0
BRDA:117,4,1,0
BRDA:148,5,0,0
BRDA:148,5,1,0
BRDA:148,6,0,0
BRDA:148,6,1,0
BRF:15
BRH:1
end_of_record
TN:
SF:src\repositories\activityRepository.ts
FN:79,(anonymous_0)
FN:82,(anonymous_1)
FN:96,(anonymous_2)
FN:104,(anonymous_3)
FN:149,(anonymous_4)
FN:150,(anonymous_5)
FN:159,(anonymous_6)
FN:168,(anonymous_7)
FN:176,(anonymous_8)
FN:184,(anonymous_9)
FN:216,(anonymous_10)
FN:241,(anonymous_11)
FN:252,(anonymous_12)
FN:261,(anonymous_13)
FN:292,(anonymous_14)
FN:300,(anonymous_15)
FNF:16
FNH:1
FNDA:0,(anonymous_0)
FNDA:0,(anonymous_1)
FNDA:0,(anonymous_2)
FNDA:0,(anonymous_3)
FNDA:4,(anonymous_4)
FNDA:0,(anonymous_5)
FNDA:0,(anonymous_6)
FNDA:0,(anonymous_7)
FNDA:0,(anonymous_8)
FNDA:0,(anonymous_9)
FNDA:0,(anonymous_10)
FNDA:0,(anonymous_11)
FNDA:0,(anonymous_12)
FNDA:0,(anonymous_13)
FNDA:0,(anonymous_14)
FNDA:0,(anonymous_15)
DA:2,4
DA:79,4
DA:80,0
DA:82,4
DA:96,4
DA:104,4
DA:105,0
DA:106,0
DA:108,0
DA:109,0
DA:110,0
DA:112,0
DA:113,0
DA:114,0
DA:116,0
DA:117,0
DA:118,0
DA:120,0
DA:121,0
DA:122,0
DA:124,0
DA:125,0
DA:126,0
DA:127,0
DA:129,0
DA:130,0
DA:132,0
DA:133,0
DA:135,0
DA:136,0
DA:138,0
DA:139,0
DA:143,0
DA:149,4
DA:150,4
DA:151,0
DA:152,0
DA:156,0
DA:159,4
DA:160,0
DA:161,0
DA:165,0
DA:168,4
DA:169,0
DA:173,0
DA:176,4
DA:177,0
DA:181,0
DA:184,4
DA:185,0
DA:186,0
DA:187,0
DA:189,0
DA:190,0
DA:195,0
DA:196,0
DA:198,0
DA:201,0
DA:205,0
DA:207,0
DA:209,0
DA:210,0
DA:212,0
DA:216,4
DA:217,0
DA:218,0
DA:219,0
DA:221,0
DA:225,0
DA:227,0
DA:232,0
DA:234,0
DA:235,0
DA:237,0
DA:241,4
DA:242,0
DA:249,0
DA:252,4
DA:253,0
DA:258,0
DA:261,4
DA:262,0
DA:263,0
DA:264,0
DA:273,0
DA:274,0
DA:275,0
DA:276,0
DA:279,0
DA:280,0
DA:281,0
DA:283,0
DA:285,0
DA:289,0
DA:292,4
DA:293,0
DA:297,0
DA:300,4
DA:301,0
DA:309,0
DA:312,4
LF:101
LH:18
BRDA:80,0,0,0
BRDA:80,0,1,0
BRDA:108,1,0,0
BRDA:108,1,1,0
BRDA:112,2,0,0
BRDA:112,2,1,0
BRDA:116,3,0,0
BRDA:116,3,1,0
BRDA:120,4,0,0
BRDA:120,4,1,0
BRDA:124,5,0,0
BRDA:124,5,1,0
BRDA:126,6,0,0
BRDA:126,6,1,0
BRDA:129,7,0,0
BRDA:129,7,1,0
BRDA:132,8,0,0
BRDA:132,8,1,0
BRDA:135,9,0,0
BRDA:135,9,1,0
BRDA:138,10,0,0
BRDA:138,10,1,0
BRDA:144,11,0,0
BRDA:144,11,1,0
BRDA:149,12,0,4
BRDA:150,13,0,0
BRDA:150,14,0,0
BRDA:150,15,0,0
BRDA:159,16,0,0
BRDA:165,17,0,0
BRDA:165,17,1,0
BRDA:173,18,0,0
BRDA:173,18,1,0
BRDA:195,19,0,0
BRDA:195,19,1,0
BRDA:195,20,0,0
BRDA:195,20,1,0
BRDA:205,21,0,0
BRDA:205,21,1,0
BRDA:225,22,0,0
BRDA:225,22,1,0
BRDA:256,23,0,0
BRDA:256,23,1,0
BRDA:274,24,0,0
BRDA:274,24,1,0
BRDA:279,25,0,0
BRDA:279,25,1,0
BRDA:283,26,0,0
BRDA:283,26,1,0
BRF:49
BRH:1
end_of_record
TN:
SF:src\repositories\assessmentRepository.ts
FN:91,(anonymous_0)
FN:99,(anonymous_1)
FN:109,(anonymous_2)
FN:120,(anonymous_3)
FN:134,(anonymous_4)
FN:142,(anonymous_5)
FN:152,(anonymous_6)
FN:176,(anonymous_7)
FN:237,(anonymous_8)
FN:261,(anonymous_9)
FN:287,(anonymous_10)
FN:323,(anonymous_11)
FN:335,(anonymous_12)
FN:348,(anonymous_13)
FN:408,(anonymous_14)
FN:411,(anonymous_15)
FN:426,(anonymous_16)
FN:465,(anonymous_17)
FN:478,(anonymous_18)
FNF:19
FNH:9
FNDA:2,(anonymous_0)
FNDA:1,(anonymous_1)
FNDA:1,(anonymous_2)
FNDA:14,(anonymous_3)
FNDA:1,(anonymous_4)
FNDA:1,(anonymous_5)
FNDA:1,(anonymous_6)
FNDA:1,(anonymous_7)
FNDA:1,(anonymous_8)
FNDA:0,(anonymous_9)
FNDA:0,(anonymous_10)
FNDA:0,(anonymous_11)
FNDA:0,(anonymous_12)
FNDA:0,(anonymous_13)
FNDA:0,(anonymous_14)
FNDA:0,(anonymous_15)
FNDA:0,(anonymous_16)
FNDA:0,(anonymous_17)
FNDA:0,(anonymous_18)
DA:2,7
DA:91,7
DA:99,7
DA:109,7
DA:120,7
DA:121,14
DA:134,14
DA:135,1
DA:139,1
DA:142,14
DA:143,1
DA:149,1
DA:152,14
DA:153,1
DA:173,1
DA:176,14
DA:177,1
DA:179,1
DA:180,1
DA:181,1
DA:209,1
DA:211,1
DA:212,2
DA:227,1
DA:228,1
DA:230,0
DA:231,0
DA:233,1
DA:237,14
DA:238,1
DA:258,1
DA:261,14
DA:266,0
DA:273,0
DA:274,0
DA:287,14
DA:299,0
DA:312,0
DA:314,0
DA:323,0
DA:325,0
DA:335,0
DA:348,14
DA:357,0
DA:358,0
DA:359,0
DA:360,0
DA:362,0
DA:363,0
DA:364,0
DA:366,0
DA:367,0
DA:368,0
DA:370,0
DA:371,0
DA:372,0
DA:374,0
DA:375,0
DA:376,0
DA:378,0
DA:379,0
DA:380,0
DA:383,0
DA:385,0
DA:392,0
DA:394,0
DA:408,0
DA:410,0
DA:411,0
DA:426,14
DA:439,0
DA:454,0
DA:456,0
DA:465,0
DA:467,0
DA:478,0
DA:491,14
LF:77
LH:34
BRDA:94,0,0,2
BRDA:94,0,1,1
BRDA:114,1,0,1
BRDA:114,1,1,0
BRDA:120,2,0,9
BRDA:149,3,0,1
BRDA:149,3,1,0
BRDA:273,4,0,0
BRDA:273,4,1,0
BRDA:275,5,0,0
BRDA:275,5,1,0
BRDA:278,6,0,0
BRDA:278,6,1,0
BRDA:281,7,0,0
BRDA:281,7,1,0
BRDA:312,8,0,0
BRDA:312,8,1,0
BRDA:323,9,0,0
BRDA:323,9,1,0
BRDA:332,10,0,0
BRDA:332,10,1,0
BRDA:338,11,0,0
BRDA:338,11,1,0
BRDA:357,12,0,0
BRDA:357,12,1,0
BRDA:357,13,0,0
BRDA:357,13,1,0
BRDA:358,14,0,0
BRDA:358,14,1,0
BRDA:358,15,0,0
BRDA:358,15,1,0
BRDA:362,16,0,0
BRDA:362,16,1,0
BRDA:366,17,0,0
BRDA:366,17,1,0
BRDA:370,18,0,0
BRDA:370,18,1,0
BRDA:374,19,0,0
BRDA:374,19,1,0
BRDA:378,20,0,0
BRDA:378,20,1,0
BRDA:392,21,0,0
BRDA:392,21,1,0
BRDA:408,22,0,0
BRDA:408,22,1,0
BRDA:454,23,0,0
BRDA:454,23,1,0
BRDA:465,24,0,0
BRDA:465,24,1,0
BRDA:475,25,0,0
BRDA:475,25,1,0
BRDA:481,26,0,0
BRDA:481,26,1,0
BRF:53
BRH:5
end_of_record
TN:
SF:src\repositories\auditRepository.ts
FN:57,(anonymous_0)
FN:66,(anonymous_1)
FN:67,(anonymous_2)
FN:100,(anonymous_3)
FN:148,(anonymous_4)
FNF:5
FNH:5
FNDA:2,(anonymous_0)
FNDA:11,(anonymous_1)
FNDA:2,(anonymous_2)
FNDA:1,(anonymous_3)
FNDA:1,(anonymous_4)
DA:2,7
DA:55,7
DA:57,7
DA:58,2
DA:60,2
DA:66,7
DA:67,11
DA:68,2
DA:100,11
DA:101,1
DA:102,1
DA:104,1
DA:105,1
DA:106,1
DA:108,1
DA:109,1
DA:110,1
DA:112,1
DA:113,1
DA:114,1
DA:116,1
DA:117,1
DA:118,1
DA:121,1
DA:122,1
DA:123,1
DA:127,1
DA:146,1
DA:148,1
DA:166,11
LF:30
LH:30
BRDA:58,0,0,0
BRDA:58,0,1,2
BRDA:66,1,0,8
BRDA:104,2,0,1
BRDA:104,2,1,0
BRDA:108,3,0,1
BRDA:108,3,1,0
BRDA:112,4,0,1
BRDA:112,4,1,0
BRDA:116,5,0,1
BRDA:116,5,1,0
BRDA:121,6,0,1
BRDA:121,6,1,0
BRDA:150,7,0,0
BRDA:150,7,1,1
BRDA:154,8,0,1
BRDA:154,8,1,0
BRDA:156,9,0,1
BRDA:156,9,1,0
BRDA:160,10,0,1
BRDA:160,10,1,0
BRF:21
BRH:11
end_of_record
TN:
SF:src\repositories\caseRepository.ts
FN:85,(anonymous_0)
FN:88,(anonymous_1)
FN:100,(anonymous_2)
FN:112,(anonymous_3)
FN:113,(anonymous_4)
FN:133,(anonymous_5)
FN:141,(anonymous_6)
FN:153,(anonymous_7)
FN:165,(anonymous_8)
FN:173,(anonymous_9)
FN:184,(anonymous_10)
FN:193,(anonymous_11)
FN:222,(anonymous_12)
FNF:13
FNH:12
FNDA:8,(anonymous_0)
FNDA:3,(anonymous_1)
FNDA:2,(anonymous_2)
FNDA:17,(anonymous_3)
FNDA:1,(anonymous_4)
FNDA:2,(anonymous_5)
FNDA:2,(anonymous_6)
FNDA:1,(anonymous_7)
FNDA:0,(anonymous_8)
FNDA:2,(anonymous_9)
FNDA:1,(anonymous_10)
FNDA:3,(anonymous_11)
FNDA:1,(anonymous_12)
DA:2,6
DA:85,6
DA:86,8
DA:88,6
DA:100,6
DA:112,6
DA:113,17
DA:114,1
DA:115,1
DA:120,1
DA:133,17
DA:134,2
DA:138,2
DA:141,17
DA:142,2
DA:143,2
DA:144,2
DA:145,1
DA:146,1
DA:148,2
DA:149,2
DA:150,2
DA:153,17
DA:154,1
DA:155,1
DA:156,1
DA:157,0
DA:158,0
DA:160,1
DA:161,1
DA:162,1
DA:165,17
DA:166,0
DA:170,0
DA:173,17
DA:174,2
DA:175,2
DA:181,2
DA:184,17
DA:185,1
DA:186,1
DA:190,1
DA:193,17
DA:194,3
DA:195,3
DA:209,3
DA:222,17
DA:223,1
DA:227,1
DA:230,17
LF:50
LH:46
BRDA:86,0,0,0
BRDA:86,0,1,8
BRDA:112,1,0,4
BRDA:118,2,0,1
BRDA:118,2,1,1
BRDA:118,3,0,1
BRDA:118,3,1,0
BRDA:118,4,0,1
BRDA:118,4,1,0
BRDA:124,5,0,1
BRDA:124,5,1,1
BRDA:126,6,0,1
BRDA:126,6,1,0
BRDA:127,7,0,1
BRDA:127,7,1,0
BRDA:138,8,0,1
BRDA:138,8,1,1
BRDA:144,9,0,1
BRDA:144,9,1,1
BRDA:156,10,0,0
BRDA:156,10,1,1
BRDA:203,11,0,3
BRDA:203,11,1,2
BRDA:204,12,0,3
BRDA:204,12,1,2
BRDA:205,13,0,3
BRDA:205,13,1,2
BRDA:215,14,0,3
BRDA:215,14,1,2
BRDA:216,15,0,3
BRDA:216,15,1,2
BRDA:217,16,0,3
BRDA:217,16,1,2
BRF:33
BRH:27
end_of_record
TN:
SF:src\repositories\courseRepository.ts
FN:43,(anonymous_0)
FN:46,(anonymous_1)
FN:59,(anonymous_2)
FN:60,(anonymous_3)
FN:72,(anonymous_4)
FN:80,(anonymous_5)
FN:89,(anonymous_6)
FN:113,(anonymous_7)
FN:121,(anonymous_8)
FNF:9
FNH:2
FNDA:0,(anonymous_0)
FNDA:0,(anonymous_1)
FNDA:4,(anonymous_2)
FNDA:1,(anonymous_3)
FNDA:0,(anonymous_4)
FNDA:0,(anonymous_5)
FNDA:0,(anonymous_6)
FNDA:0,(anonymous_7)
FNDA:0,(anonymous_8)
DA:2,4
DA:43,4
DA:44,0
DA:46,4
DA:59,4
DA:60,4
DA:61,1
DA:62,1
DA:63,1
DA:64,0
DA:65,0
DA:67,1
DA:68,1
DA:69,1
DA:72,4
DA:73,0
DA:77,0
DA:80,4
DA:81,0
DA:86,0
DA:89,4
DA:90,0
DA:94,0
DA:96,0
DA:105,0
DA:110,0
DA:113,4
DA:114,0
DA:118,0
DA:121,4
DA:122,0
DA:126,0
DA:129,4
LF:33
LH:17
BRDA:44,0,0,0
BRDA:44,0,1,0
BRDA:59,1,0,4
BRDA:63,2,0,0
BRDA:63,2,1,1
BRDA:77,3,0,0
BRDA:77,3,1,0
BRDA:94,4,0,0
BRDA:94,4,1,0
BRDA:97,5,0,0
BRDA:97,5,1,0
BRDA:98,6,0,0
BRDA:98,6,1,0
BRDA:99,7,0,0
BRDA:99,7,1,0
BRDA:100,8,0,0
BRDA:100,8,1,0
BRDA:101,9,0,0
BRDA:101,9,1,0
BRDA:102,10,0,0
BRDA:102,10,1,0
BRF:21
BRH:2
end_of_record
TN:
SF:src\repositories\managementRepository.ts
FN:63,(anonymous_0)
FN:68,(anonymous_1)
FN:74,(anonymous_2)
FN:80,(anonymous_3)
FN:88,(anonymous_4)
FN:89,(anonymous_5)
FN:105,(anonymous_6)
FN:125,(anonymous_7)
FN:143,(anonymous_8)
FN:149,(anonymous_9)
FN:154,(anonymous_10)
FN:185,(anonymous_11)
FN:223,(anonymous_12)
FN:230,(anonymous_13)
FNF:14
FNH:13
FNDA:4,(anonymous_0)
FNDA:3,(anonymous_1)
FNDA:1,(anonymous_2)
FNDA:3,(anonymous_3)
FNDA:9,(anonymous_4)
FNDA:1,(anonymous_5)
FNDA:1,(anonymous_6)
FNDA:1,(anonymous_7)
FNDA:1,(anonymous_8)
FNDA:0,(anonymous_9)
FNDA:1,(anonymous_10)
FNDA:1,(anonymous_11)
FNDA:1,(anonymous_12)
FNDA:2,(anonymous_13)
DA:2,5
DA:3,5
DA:63,5
DA:64,4
DA:65,4
DA:68,5
DA:69,3
DA:70,3
DA:71,2
DA:74,5
DA:75,1
DA:76,1
DA:77,0
DA:80,5
DA:88,5
DA:89,9
DA:90,1
DA:102,1
DA:105,9
DA:106,1
DA:122,1
DA:125,9
DA:126,1
DA:130,1
DA:132,1
DA:140,1
DA:143,9
DA:144,1
DA:145,1
DA:146,1
DA:149,9
DA:150,0
DA:151,0
DA:154,9
DA:155,1
DA:156,1
DA:158,1
DA:159,0
DA:160,0
DA:162,1
DA:163,1
DA:164,1
DA:166,1
DA:167,0
DA:168,0
DA:170,1
DA:171,0
DA:172,0
DA:174,1
DA:175,1
DA:176,1
DA:179,1
DA:185,9
DA:186,1
DA:187,1
DA:189,1
DA:201,1
DA:222,1
DA:223,1
DA:230,2
DA:242,9
LF:61
LH:52
BRDA:64,0,0,0
BRDA:64,0,1,4
BRDA:65,1,0,4
BRDA:65,1,1,0
BRDA:69,2,0,0
BRDA:69,2,1,3
BRDA:70,3,0,1
BRDA:70,3,1,2
BRDA:75,4,0,0
BRDA:75,4,1,1
BRDA:76,5,0,1
BRDA:76,5,1,0
BRDA:88,6,0,4
BRDA:122,7,0,1
BRDA:122,7,1,0
BRDA:130,8,0,0
BRDA:130,8,1,1
BRDA:158,9,0,0
BRDA:158,9,1,1
BRDA:162,10,0,1
BRDA:162,10,1,0
BRDA:166,11,0,0
BRDA:166,11,1,1
BRDA:170,12,0,0
BRDA:170,12,1,1
BRDA:174,13,0,1
BRDA:174,13,1,0
BRDA:180,14,0,1
BRDA:180,14,1,0
BRDA:226,15,0,1
BRDA:226,15,1,0
BRDA:227,16,0,1
BRDA:227,16,1,0
BRDA:233,17,0,1
BRDA:233,17,1,0
BRDA:236,18,0,1
BRDA:236,18,1,0
BRF:37
BRH:20
end_of_record
TN:
SF:src\repositories\moodRepository.ts
FN:174,(anonymous_0)
FN:175,(anonymous_1)
FN:176,(anonymous_2)
FN:182,(anonymous_3)
FN:183,(anonymous_4)
FN:243,(anonymous_5)
FN:248,(anonymous_6)
FN:249,(anonymous_7)
FN:309,(anonymous_8)
FN:322,(anonymous_9)
FN:349,(anonymous_10)
FN:378,(anonymous_11)
FN:391,(anonymous_12)
FN:408,(anonymous_13)
FN:492,(anonymous_14)
FN:504,(anonymous_15)
FN:520,(anonymous_16)
FN:530,(anonymous_17)
FN:546,(anonymous_18)
FN:555,(anonymous_19)
FN:587,(anonymous_20)
FN:610,(anonymous_21)
FN:617,(anonymous_22)
FN:641,(anonymous_23)
FN:649,(anonymous_24)
FN:674,(anonymous_25)
FNF:26
FNH:24
FNDA:4,(anonymous_0)
FNDA:0,(anonymous_1)
FNDA:0,(anonymous_2)
FNDA:20,(anonymous_3)
FNDA:2,(anonymous_4)
FNDA:2,(anonymous_5)
FNDA:2,(anonymous_6)
FNDA:2,(anonymous_7)
FNDA:2,(anonymous_8)
FNDA:1,(anonymous_9)
FNDA:1,(anonymous_10)
FNDA:1,(anonymous_11)
FNDA:1,(anonymous_12)
FNDA:2,(anonymous_13)
FNDA:1,(anonymous_14)
FNDA:1,(anonymous_15)
FNDA:1,(anonymous_16)
FNDA:1,(anonymous_17)
FNDA:2,(anonymous_18)
FNDA:2,(anonymous_19)
FNDA:1,(anonymous_20)
FNDA:2,(anonymous_21)
FNDA:1,(anonymous_22)
FNDA:2,(anonymous_23)
FNDA:1,(anonymous_24)
FNDA:1,(anonymous_25)
DA:3,6
DA:174,6
DA:175,0
DA:177,0
DA:178,0
DA:182,6
DA:183,20
DA:184,2
DA:186,2
DA:187,2
DA:189,2
DA:203,2
DA:205,2
DA:206,3
DA:220,1
DA:221,2
DA:233,1
DA:234,1
DA:236,1
DA:237,1
DA:239,2
DA:243,20
DA:244,2
DA:245,0
DA:248,2
DA:249,2
DA:250,2
DA:267,2
DA:283,2
DA:284,2
DA:285,2
DA:286,2
DA:294,2
DA:297,2
DA:298,2
DA:299,1
DA:300,1
DA:306,1
DA:309,2
DA:322,20
DA:326,1
DA:327,1
DA:328,1
DA:346,1
DA:349,20
DA:354,1
DA:355,1
DA:356,1
DA:375,1
DA:378,20
DA:379,1
DA:388,1
DA:391,20
DA:395,1
DA:405,1
DA:408,20
DA:409,2
DA:411,2
DA:412,2
DA:414,2
DA:433,2
DA:434,1
DA:435,1
DA:438,1
DA:446,1
DA:447,1
DA:461,1
DA:469,1
DA:470,1
DA:482,1
DA:483,1
DA:485,0
DA:486,0
DA:488,2
DA:492,20
DA:493,1
DA:501,1
DA:504,20
DA:505,1
DA:520,1
DA:530,20
DA:531,1
DA:546,2
DA:555,20
DA:556,2
DA:566,2
DA:567,1
DA:570,1
DA:584,1
DA:587,20
DA:592,1
DA:610,2
DA:617,20
DA:622,1
DA:641,2
DA:649,20
DA:654,1
DA:674,1
DA:687,20
LF:99
LH:93
BRDA:176,0,0,0
BRDA:182,1,0,4
BRDA:216,2,0,2
BRDA:216,2,1,1
BRDA:244,3,0,0
BRDA:244,3,1,2
BRDA:285,4,0,2
BRDA:285,4,1,2
BRDA:299,5,0,1
BRDA:299,5,1,1
BRDA:317,6,0,2
BRDA:317,6,1,0
BRDA:318,7,0,2
BRDA:318,7,1,1
BRDA:388,8,0,1
BRDA:388,8,1,0
BRDA:405,9,0,1
BRDA:405,9,1,0
BRDA:433,10,0,1
BRDA:433,10,1,1
BRDA:457,11,0,1
BRDA:457,11,1,0
BRDA:549,12,0,1
BRDA:549,12,1,1
BRDA:566,13,0,1
BRDA:566,13,1,1
BRDA:680,14,0,1
BRDA:680,14,1,0
BRDA:680,15,0,1
BRDA:680,15,1,1
BRF:30
BRH:23
end_of_record
TN:
SF:src\repositories\musicRepository.ts
FN:41,(anonymous_0)
FN:44,(anonymous_1)
FN:56,(anonymous_2)
FN:57,(anonymous_3)
FN:69,(anonymous_4)
FN:77,(anonymous_5)
FN:86,(anonymous_6)
FN:110,(anonymous_7)
FNF:8
FNH:2
FNDA:0,(anonymous_0)
FNDA:0,(anonymous_1)
FNDA:4,(anonymous_2)
FNDA:1,(anonymous_3)
FNDA:0,(anonymous_4)
FNDA:0,(anonymous_5)
FNDA:0,(anonymous_6)
FNDA:0,(anonymous_7)
DA:2,4
DA:41,4
DA:42,0
DA:44,4
DA:56,4
DA:57,4
DA:58,1
DA:59,1
DA:60,1
DA:61,0
DA:62,0
DA:64,1
DA:65,1
DA:66,1
DA:69,4
DA:70,0
DA:74,0
DA:77,4
DA:78,0
DA:83,0
DA:86,4
DA:87,0
DA:91,0
DA:93,0
DA:102,0
DA:107,0
DA:110,4
DA:111,0
DA:115,0
DA:118,4
LF:30
LH:16
BRDA:42,0,0,0
BRDA:42,0,1,0
BRDA:56,1,0,4
BRDA:60,2,0,0
BRDA:60,2,1,1
BRDA:74,3,0,0
BRDA:74,3,1,0
BRDA:81,4,0,0
BRDA:81,4,1,0
BRDA:91,5,0,0
BRDA:91,5,1,0
BRDA:94,6,0,0
BRDA:94,6,1,0
BRDA:95,7,0,0
BRDA:95,7,1,0
BRDA:96,8,0,0
BRDA:96,8,1,0
BRDA:97,9,0,0
BRDA:97,9,1,0
BRDA:98,10,0,0
BRDA:98,10,1,0
BRDA:99,11,0,0
BRDA:99,11,1,0
BRF:23
BRH:2
end_of_record
TN:
SF:src\repositories\postRepository.ts
FN:88,(anonymous_0)
FN:91,(anonymous_1)
FN:105,(anonymous_2)
FN:116,(anonymous_3)
FN:118,(anonymous_4)
FN:130,(anonymous_5)
FN:153,(anonymous_6)
FN:164,(anonymous_7)
FN:181,(anonymous_8)
FN:196,(anonymous_9)
FN:205,(anonymous_10)
FN:244,(anonymous_11)
FN:253,(anonymous_12)
FN:265,(anonymous_13)
FN:277,(anonymous_14)
FN:316,(anonymous_15)
FNF:16
FNH:2
FNDA:0,(anonymous_0)
FNDA:0,(anonymous_1)
FNDA:0,(anonymous_2)
FNDA:4,(anonymous_3)
FNDA:0,(anonymous_4)
FNDA:1,(anonymous_5)
FNDA:0,(anonymous_6)
FNDA:0,(anonymous_7)
FNDA:0,(anonymous_8)
FNDA:0,(anonymous_9)
FNDA:0,(anonymous_10)
FNDA:0,(anonymous_11)
FNDA:0,(anonymous_12)
FNDA:0,(anonymous_13)
FNDA:0,(anonymous_14)
FNDA:0,(anonymous_15)
DA:2,4
DA:88,4
DA:89,0
DA:91,4
DA:105,4
DA:116,4
DA:118,4
DA:119,0
DA:123,0
DA:127,0
DA:130,4
DA:131,1
DA:132,1
DA:133,1
DA:135,1
DA:138,1
DA:140,1
DA:150,1
DA:153,4
DA:154,0
DA:161,0
DA:164,4
DA:165,0
DA:166,0
DA:167,0
DA:169,0
DA:178,0
DA:181,4
DA:182,0
DA:189,0
DA:196,4
DA:197,0
DA:201,0
DA:202,0
DA:205,4
DA:206,0
DA:207,0
DA:208,0
DA:210,0
DA:215,0
DA:216,0
DA:217,0
DA:222,0
DA:223,0
DA:226,0
DA:228,0
DA:235,0
DA:237,0
DA:238,0
DA:240,0
DA:244,4
DA:245,0
DA:249,0
DA:253,4
DA:254,0
DA:258,0
DA:262,0
DA:265,4
DA:266,0
DA:274,0
DA:277,4
DA:278,0
DA:279,0
DA:280,0
DA:282,0
DA:287,0
DA:288,0
DA:289,0
DA:294,0
DA:295,0
DA:298,0
DA:300,0
DA:307,0
DA:309,0
DA:310,0
DA:312,0
DA:316,4
DA:317,0
DA:321,0
DA:324,4
LF:80
LH:25
BRDA:89,0,0,0
BRDA:89,0,1,0
BRDA:101,1,0,0
BRDA:101,1,1,0
BRDA:102,2,0,0
BRDA:102,2,1,0
BRDA:113,3,0,0
BRDA:113,3,1,0
BRDA:116,4,0,4
BRDA:121,5,0,0
BRDA:121,5,1,0
BRDA:130,6,0,0
BRDA:130,7,0,0
BRDA:131,8,0,1
BRDA:131,8,1,0
BRDA:132,9,0,1
BRDA:132,9,1,0
BRDA:138,10,0,1
BRDA:138,10,1,1
BRDA:161,11,0,0
BRDA:161,11,1,0
BRDA:164,12,0,0
BRDA:164,13,0,0
BRDA:164,14,0,0
BRDA:165,15,0,0
BRDA:165,15,1,0
BRDA:166,16,0,0
BRDA:166,16,1,0
BRDA:167,17,0,0
BRDA:167,17,1,0
BRDA:190,18,0,0
BRDA:190,18,1,0
BRDA:191,19,0,0
BRDA:191,19,1,0
BRDA:192,20,0,0
BRDA:192,20,1,0
BRDA:199,21,0,0
BRDA:199,21,1,0
BRDA:201,22,0,0
BRDA:201,22,1,0
BRDA:215,23,0,0
BRDA:215,23,1,0
BRDA:235,24,0,0
BRDA:235,24,1,0
BRDA:256,25,0,0
BRDA:256,25,1,0
BRDA:287,26,0,0
BRDA:287,26,1,0
BRDA:307,27,0,0
BRDA:307,27,1,0
BRF:50
BRH:5
end_of_record
TN:
SF:src\repositories\promptRepository.ts
FN:64,(anonymous_0)
FN:80,(anonymous_1)
FN:81,(anonymous_2)
FN:88,(anonymous_3)
FN:96,(anonymous_4)
FN:104,(anonymous_5)
FN:112,(anonymous_6)
FN:133,(anonymous_7)
FN:159,(anonymous_8)
FNF:9
FNH:1
FNDA:0,(anonymous_0)
FNDA:4,(anonymous_1)
FNDA:0,(anonymous_2)
FNDA:0,(anonymous_3)
FNDA:0,(anonymous_4)
FNDA:0,(anonymous_5)
FNDA:0,(anonymous_6)
FNDA:0,(anonymous_7)
FNDA:0,(anonymous_8)
DA:2,4
DA:64,4
DA:80,4
DA:81,4
DA:82,0
DA:85,0
DA:88,4
DA:89,0
DA:93,0
DA:96,4
DA:97,0
DA:101,0
DA:104,4
DA:105,0
DA:109,0
DA:112,4
DA:113,0
DA:128,0
DA:129,0
DA:130,0
DA:133,4
DA:134,0
DA:135,0
DA:137,0
DA:138,0
DA:139,0
DA:140,0
DA:141,0
DA:142,0
DA:143,0
DA:144,0
DA:145,0
DA:146,0
DA:148,0
DA:150,0
DA:151,0
DA:155,0
DA:156,0
DA:159,4
DA:160,0
DA:164,0
DA:167,4
LF:42
LH:11
BRDA:70,0,0,0
BRDA:70,0,1,0
BRDA:80,1,0,4
BRDA:93,2,0,0
BRDA:93,2,1,0
BRDA:121,3,0,0
BRDA:121,3,1,0
BRDA:122,4,0,0
BRDA:122,4,1,0
BRDA:123,5,0,0
BRDA:123,5,1,0
BRDA:124,6,0,0
BRDA:124,6,1,0
BRDA:125,7,0,0
BRDA:125,7,1,0
BRDA:129,8,0,0
BRDA:129,8,1,0
BRDA:137,9,0,0
BRDA:137,9,1,0
BRDA:138,10,0,0
BRDA:138,10,1,0
BRDA:139,11,0,0
BRDA:139,11,1,0
BRDA:140,12,0,0
BRDA:140,12,1,0
BRDA:141,13,0,0
BRDA:141,13,1,0
BRDA:142,14,0,0
BRDA:142,14,1,0
BRDA:143,15,0,0
BRDA:143,15,1,0
BRDA:144,16,0,0
BRDA:144,16,1,0
BRDA:145,17,0,0
BRDA:145,17,1,0
BRDA:145,18,0,0
BRDA:145,18,1,0
BRDA:146,19,0,0
BRDA:146,19,1,0
BRDA:148,20,0,0
BRDA:148,20,1,0
BRDA:155,21,0,0
BRDA:155,21,1,0
BRF:43
BRH:1
end_of_record
TN:
SF:src\repositories\relaxRepository.ts
FN:53,(anonymous_0)
FN:56,(anonymous_1)
FN:65,(anonymous_2)
FN:76,(anonymous_3)
FN:77,(anonymous_4)
FN:98,(anonymous_5)
FN:132,(anonymous_6)
FN:140,(anonymous_7)
FN:164,(anonymous_8)
FNF:9
FNH:1
FNDA:0,(anonymous_0)
FNDA:0,(anonymous_1)
FNDA:0,(anonymous_2)
FNDA:4,(anonymous_3)
FNDA:0,(anonymous_4)
FNDA:0,(anonymous_5)
FNDA:0,(anonymous_6)
FNDA:0,(anonymous_7)
FNDA:0,(anonymous_8)
DA:2,4
DA:53,4
DA:54,0
DA:56,4
DA:57,0
DA:58,0
DA:59,0
DA:60,0
DA:62,0
DA:65,4
DA:76,4
DA:77,4
DA:78,0
DA:91,0
DA:95,0
DA:98,4
DA:99,0
DA:100,0
DA:101,0
DA:102,0
DA:104,0
DA:105,0
DA:106,0
DA:108,0
DA:109,0
DA:110,0
DA:112,0
DA:113,0
DA:114,0
DA:117,0
DA:119,0
DA:123,0
DA:125,0
DA:129,0
DA:132,4
DA:133,0
DA:137,0
DA:140,4
DA:141,0
DA:142,0
DA:143,0
DA:144,0
DA:145,0
DA:146,0
DA:147,0
DA:149,0
DA:150,0
DA:154,0
DA:155,0
DA:156,0
DA:157,0
DA:158,0
DA:159,0
DA:162,0
DA:163,0
DA:164,0
DA:165,0
DA:166,0
DA:167,0
DA:169,0
DA:171,0
DA:174,4
LF:62
LH:10
BRDA:54,0,0,0
BRDA:54,0,1,0
BRDA:57,1,0,0
BRDA:57,1,1,0
BRDA:58,2,0,0
BRDA:58,2,1,0
BRDA:58,3,0,0
BRDA:58,3,1,0
BRDA:59,4,0,0
BRDA:59,4,1,0
BRDA:76,5,0,4
BRDA:86,6,0,0
BRDA:86,6,1,0
BRDA:87,7,0,0
BRDA:87,7,1,0
BRDA:99,8,0,0
BRDA:99,8,1,0
BRDA:99,9,0,0
BRDA:99,9,1,0
BRDA:100,10,0,0
BRDA:100,10,1,0
BRDA:100,11,0,0
BRDA:100,11,1,0
BRDA:104,12,0,0
BRDA:104,12,1,0
BRDA:108,13,0,0
BRDA:108,13,1,0
BRDA:112,14,0,0
BRDA:112,14,1,0
BRDA:123,15,0,0
BRDA:123,15,1,0
BRDA:137,16,0,0
BRDA:137,16,1,0
BRDA:154,17,0,0
BRDA:154,17,1,0
BRDA:158,18,0,0
BRDA:158,18,1,0
BRDA:159,19,0,0
BRDA:159,19,1,0
BRDA:165,20,0,0
BRDA:165,20,1,0
BRF:41
BRH:1
end_of_record
TN:
SF:src\repositories\userRepository.ts
FN:64,(anonymous_0)
FN:71,(anonymous_1)
FN:77,(anonymous_2)
FN:83,(anonymous_3)
FN:115,(anonymous_4)
FN:116,(anonymous_5)
FN:132,(anonymous_6)
FN:149,(anonymous_7)
FN:190,(anonymous_8)
FN:202,(anonymous_9)
FN:210,(anonymous_10)
FNF:11
FNH:7
FNDA:2,(anonymous_0)
FNDA:0,(anonymous_1)
FNDA:1,(anonymous_2)
FNDA:1,(anonymous_3)
FNDA:8,(anonymous_4)
FNDA:1,(anonymous_5)
FNDA:0,(anonymous_6)
FNDA:2,(anonymous_7)
FNDA:0,(anonymous_8)
FNDA:0,(anonymous_9)
FNDA:1,(anonymous_10)
DA:2,7
DA:63,7
DA:65,2
DA:66,2
DA:70,7
DA:72,0
DA:73,0
DA:77,7
DA:78,1
DA:79,1
DA:80,1
DA:83,7
DA:97,7
DA:110,7
DA:115,7
DA:116,8
DA:117,1
DA:129,1
DA:132,8
DA:133,0
DA:144,0
DA:145,0
DA:146,0
DA:149,8
DA:150,2
DA:160,2
DA:161,0
DA:164,2
DA:165,2
DA:181,1
DA:183,1
DA:184,1
DA:186,0
DA:190,8
DA:191,0
DA:202,8
DA:203,0
DA:207,0
DA:210,8
DA:211,1
DA:215,1
DA:216,0
DA:218,1
DA:220,1
DA:221,1
DA:222,1
DA:223,1
DA:224,1
DA:225,1
DA:226,1
DA:227,1
DA:229,1
DA:232,8
LF:53
LH:41
BRDA:78,0,0,0
BRDA:78,0,1,1
BRDA:78,1,0,1
BRDA:78,1,1,1
BRDA:80,2,0,1
BRDA:80,2,1,0
BRDA:115,3,0,4
BRDA:129,4,0,1
BRDA:129,4,1,0
BRDA:144,5,0,0
BRDA:144,5,1,0
BRDA:160,6,0,0
BRDA:160,6,1,2
BRDA:178,7,0,2
BRDA:178,7,1,2
BRDA:183,8,0,1
BRDA:183,8,1,0
BRDA:215,9,0,0
BRDA:215,9,1,1
BRF:19
BRH:11
end_of_record
TN:
SF:src\routes\achievementRoutes.ts
FNF:0
FNH:0
DA:1,4
DA:2,4
DA:3,4
DA:10,4
DA:12,4
DA:13,4
DA:14,4
DA:15,4
DA:17,4
LF:9
LH:9
BRF:0
BRH:0
end_of_record
TN:
SF:src\routes\activityRoutes.ts
FN:55,(anonymous_0)
FN:76,(anonymous_1)
FNF:2
FNH:0
FNDA:0,(anonymous_0)
FNDA:0,(anonymous_1)
DA:1,4
DA:2,4
DA:3,4
DA:4,4
DA:5,4
DA:6,4
DA:18,4
DA:20,4
DA:21,4
DA:22,4
DA:24,4
DA:25,4
DA:26,4
DA:28,4
DA:48,4
DA:55,0
DA:69,4
DA:76,0
DA:81,4
LF:19
LH:17
BRDA:55,0,0,0
BRDA:55,0,1,0
BRDA:76,1,0,0
BRDA:76,1,1,0
BRF:4
BRH:0
end_of_record
TN:
SF:src\routes\aiInterpretationRoutes.ts
FNF:0
FNH:0
DA:1,4
DA:2,4
DA:3,4
DA:4,4
DA:6,4
DA:8,4
DA:10,4
DA:11,4
DA:13,4
LF:9
LH:9
BRF:0
BRH:0
end_of_record
TN:
SF:src\routes\aiRoutes.ts
FN:21,(anonymous_1)
FN:26,(anonymous_2)
FN:42,(anonymous_3)
FN:53,(anonymous_4)
FN:59,(anonymous_5)
FN:61,(anonymous_6)
FN:64,(anonymous_7)
FN:80,(anonymous_8)
FN:103,(anonymous_9)
FNF:9
FNH:0
FNDA:0,(anonymous_1)
FNDA:0,(anonymous_2)
FNDA:0,(anonymous_3)
FNDA:0,(anonymous_4)
FNDA:0,(anonymous_5)
FNDA:0,(anonymous_6)
FNDA:0,(anonymous_7)
FNDA:0,(anonymous_8)
FNDA:0,(anonymous_9)
DA:6,0
DA:7,0
DA:8,0
DA:9,0
DA:11,0
DA:13,0
DA:21,0
DA:22,0
DA:23,0
DA:26,0
DA:27,0
DA:30,0
DA:33,0
DA:39,0
DA:40,0
DA:42,0
DA:44,0
DA:53,0
DA:55,0
DA:56,0
DA:59,0
DA:61,0
DA:62,0
DA:64,0
DA:65,0
DA:66,0
DA:69,0
DA:70,0
DA:71,0
DA:74,0
DA:77,0
DA:80,0
DA:81,0
DA:82,0
DA:90,0
DA:93,0
DA:95,0
DA:96,0
DA:103,0
DA:106,0
DA:108,0
DA:109,0
DA:119,0
LF:43
LH:0
BRDA:27,0,0,0
BRDA:27,0,1,0
BRDA:30,1,0,0
BRDA:30,1,1,0
BRDA:30,1,2,0
BRDA:30,1,3,0
BRDA:34,2,0,0
BRDA:34,2,1,0
BRDA:35,3,0,0
BRDA:35,3,1,0
BRDA:55,4,0,0
BRDA:55,4,1,0
BRDA:55,4,2,0
BRDA:65,5,0,0
BRDA:65,5,1,0
BRDA:70,6,0,0
BRDA:70,6,1,0
BRDA:74,7,0,0
BRDA:74,7,1,0
BRDA:81,8,0,0
BRDA:81,8,1,0
BRDA:102,9,0,0
BRDA:102,9,1,0
BRDA:108,10,0,0
BRDA:108,10,1,0
BRF:25
BRH:0
end_of_record
TN:
SF:src\routes\auditRoutes.ts
FNF:0
FNH:0
DA:1,4
DA:2,4
DA:3,4
DA:5,4
DA:8,4
DA:16,4
DA:24,4
LF:7
LH:7
BRF:0
BRH:0
end_of_record
TN:
SF:src\routes\authRoutes.ts
FNF:0
FNH:0
DA:8,4
DA:9,4
DA:10,4
DA:11,4
DA:12,4
DA:14,4
DA:33,4
DA:63,4
DA:87,4
DA:89,4
LF:10
LH:10
BRF:0
BRH:0
end_of_record
TN:
SF:src\routes\caseRoutes.ts
FNF:0
FNH:0
DA:1,4
DA:2,4
DA:3,4
DA:4,4
DA:21,4
DA:23,4
DA:26,4
DA:29,4
DA:32,4
DA:35,4
DA:38,4
DA:41,4
DA:44,4
DA:47,4
DA:49,4
LF:15
LH:15
BRF:0
BRH:0
end_of_record
TN:
SF:src\routes\courseRoutes.ts
FN:33,(anonymous_1)
FN:44,(anonymous_2)
FNF:2
FNH:0
FNDA:0,(anonymous_1)
FNDA:0,(anonymous_2)
DA:1,4
DA:2,4
DA:9,4
DA:10,4
DA:12,4
DA:15,4
DA:16,4
DA:19,4
DA:26,4
DA:33,0
DA:37,4
DA:44,0
DA:49,4
LF:13
LH:11
BRDA:33,0,0,0
BRDA:33,0,1,0
BRDA:44,1,0,0
BRDA:44,1,1,0
BRF:4
BRH:0
end_of_record
TN:
SF:src\routes\managementRoutes.ts
FNF:0
FNH:0
DA:1,4
DA:2,4
DA:3,4
DA:15,4
DA:16,4
DA:18,4
DA:20,4
DA:22,4
DA:29,4
DA:43,4
DA:45,4
DA:47,4
DA:56,4
DA:70,4
DA:79,4
DA:80,4
DA:82,4
LF:17
LH:17
BRF:0
BRH:0
end_of_record
TN:
SF:src\routes\moodRoutes.ts
FNF:0
FNH:0
DA:1,4
DA:2,4
DA:3,4
DA:4,4
DA:5,4
DA:18,4
DA:20,4
DA:22,4
DA:44,4
DA:45,4
DA:46,4
DA:47,4
DA:48,4
DA:49,4
DA:50,4
DA:56,4
DA:72,4
DA:74,4
LF:18
LH:18
BRF:0
BRH:0
end_of_record
TN:
SF:src\routes\musicRoutes.ts
FN:33,(anonymous_0)
FN:44,(anonymous_1)
FNF:2
FNH:0
FNDA:0,(anonymous_0)
FNDA:0,(anonymous_1)
DA:1,4
DA:2,4
DA:9,4
DA:10,4
DA:12,4
DA:15,4
DA:16,4
DA:19,4
DA:26,4
DA:33,0
DA:37,4
DA:44,0
DA:49,4
LF:13
LH:11
BRDA:33,0,0,0
BRDA:33,0,1,0
BRDA:44,1,0,0
BRDA:44,1,1,0
BRF:4
BRH:0
end_of_record
TN:
SF:src\routes\postRoutes.ts
FN:53,(anonymous_1)
FNF:1
FNH:0
FNDA:0,(anonymous_1)
DA:1,4
DA:2,4
DA:3,4
DA:15,4
DA:16,4
DA:17,4
DA:19,4
DA:23,4
DA:34,4
DA:46,4
DA:53,0
DA:64,4
DA:77,4
DA:80,4
DA:83,4
DA:86,4
DA:89,4
DA:101,4
DA:103,4
LF:19
LH:18
BRDA:53,0,0,0
BRDA:53,0,1,0
BRF:2
BRH:0
end_of_record
TN:
SF:src\routes\promptRoutes.ts
FNF:0
FNH:0
DA:1,4
DA:2,4
DA:3,4
DA:5,4
DA:7,4
DA:9,4
DA:10,4
DA:11,4
DA:12,4
DA:13,4
DA:15,4
LF:11
LH:11
BRF:0
BRH:0
end_of_record
TN:
SF:src\routes\questionnaireRoutes.ts
FNF:0
FNH:0
DA:1,4
DA:2,4
DA:3,4
DA:4,4
DA:5,4
DA:14,4
DA:17,4
DA:20,4
DA:23,4
DA:26,4
DA:39,4
DA:42,4
DA:45,4
DA:47,4
LF:14
LH:14
BRF:0
BRH:0
end_of_record
TN:
SF:src\routes\relaxRoutes.ts
FNF:0
FNH:0
DA:1,4
DA:2,4
DA:3,4
DA:10,4
DA:12,4
DA:13,4
DA:14,4
DA:15,4
DA:16,4
DA:18,4
LF:10
LH:10
BRF:0
BRH:0
end_of_record
TN:
SF:src\services\aiAssessmentService.ts
FN:28,(anonymous_1)
FN:39,(anonymous_2)
FNF:2
FNH:0
FNDA:0,(anonymous_1)
FNDA:0,(anonymous_2)
DA:6,4
DA:7,4
DA:28,4
DA:29,0
DA:30,0
DA:34,0
DA:38,0
DA:39,0
DA:42,0
DA:50,0
DA:52,0
DA:54,0
DA:60,4
LF:13
LH:4
BRDA:29,0,0,0
BRDA:29,0,1,0
BRDA:34,1,0,0
BRDA:34,1,1,0
BRDA:46,2,0,0
BRDA:46,2,1,0
BRF:6
BRH:0
end_of_record
TN:
SF:src\services\aiMoodReportService.ts
FN:30,(anonymous_1)
FN:54,(anonymous_2)
FNF:2
FNH:0
FNDA:0,(anonymous_1)
FNDA:0,(anonymous_2)
DA:6,4
DA:7,4
DA:30,4
DA:31,0
DA:32,0
DA:35,0
DA:44,0
DA:46,0
DA:48,0
DA:54,4
DA:55,0
DA:56,0
DA:59,0
DA:70,0
DA:72,0
DA:74,0
DA:77,4
LF:17
LH:5
BRDA:31,0,0,0
BRDA:31,0,1,0
BRDA:40,1,0,0
BRDA:40,1,1,0
BRDA:55,2,0,0
BRDA:55,2,1,0
BRDA:63,3,0,0
BRDA:63,3,1,0
BRDA:64,4,0,0
BRDA:64,4,1,0
BRDA:66,5,0,0
BRDA:66,5,1,0
BRDA:67,6,0,0
BRDA:67,6,1,0
BRF:14
BRH:0
end_of_record
TN:
SF:src\services\assessmentService.ts
FN:20,(anonymous_0)
FN:23,(anonymous_1)
FN:25,(anonymous_2)
FN:27,(anonymous_3)
FN:30,(anonymous_4)
FN:33,(anonymous_5)
FN:36,(anonymous_6)
FN:46,(anonymous_7)
FN:49,(anonymous_8)
FN:78,(anonymous_9)
FNF:10
FNH:7
FNDA:12,(anonymous_0)
FNDA:1,(anonymous_1)
FNDA:1,(anonymous_2)
FNDA:1,(anonymous_3)
FNDA:1,(anonymous_4)
FNDA:0,(anonymous_5)
FNDA:0,(anonymous_6)
FNDA:0,(anonymous_7)
FNDA:1,(anonymous_8)
FNDA:3,(anonymous_9)
DA:1,6
DA:7,6
DA:8,6
DA:20,6
DA:21,12
DA:23,12
DA:25,12
DA:27,12
DA:28,1
DA:30,12
DA:31,1
DA:33,12
DA:34,0
DA:36,12
DA:44,0
DA:46,12
DA:47,0
DA:49,12
DA:51,1
DA:52,1
DA:53,0
DA:57,1
DA:58,1
DA:59,0
DA:63,1
DA:71,1
DA:72,1
DA:78,3
DA:87,1
DA:89,1
DA:95,12
LF:31
LH:26
BRDA:20,0,0,12
BRDA:21,1,0,12
BRDA:21,1,1,12
BRDA:52,2,0,0
BRDA:52,2,1,1
BRDA:58,3,0,0
BRDA:58,3,1,1
BRF:7
BRH:5
end_of_record
TN:
SF:src\services\auditService.ts
FN:7,(anonymous_0)
FN:11,(anonymous_1)
FN:12,(anonymous_2)
FNF:3
FNH:3
FNDA:10,(anonymous_0)
FNDA:1,(anonymous_1)
FNDA:1,(anonymous_2)
DA:1,5
DA:7,5
DA:8,10
DA:10,10
DA:11,1
DA:12,1
LF:6
LH:6
BRDA:7,0,0,8
BRDA:8,1,0,10
BRDA:8,1,1,8
BRF:3
BRH:3
end_of_record
TN:
SF:src\services\authService.ts
FN:39,(anonymous_1)
FN:41,(anonymous_2)
FN:42,(anonymous_3)
FN:52,(anonymous_4)
FN:76,(anonymous_5)
FN:80,(anonymous_6)
FN:85,(anonymous_7)
FN:116,(anonymous_8)
FN:149,(anonymous_9)
FNF:9
FNH:8
FNDA:2,(anonymous_1)
FNDA:1,(anonymous_2)
FNDA:1,(anonymous_3)
FNDA:1,(anonymous_4)
FNDA:10,(anonymous_5)
FNDA:0,(anonymous_6)
FNDA:3,(anonymous_7)
FNDA:2,(anonymous_8)
FNDA:1,(anonymous_9)
DA:1,5
DA:2,5
DA:3,5
DA:4,5
DA:39,5
DA:41,1
DA:42,1
DA:44,2
DA:48,2
DA:49,2
DA:52,5
DA:63,1
DA:76,5
DA:77,10
DA:78,10
DA:79,10
DA:80,10
DA:81,10
DA:82,10
DA:83,10
DA:85,10
DA:86,3
DA:87,1
DA:90,2
DA:91,0
DA:94,2
DA:95,2
DA:96,0
DA:99,2
DA:101,2
DA:102,2
DA:109,1
DA:110,1
DA:112,0
DA:116,10
DA:117,2
DA:118,0
DA:121,2
DA:122,2
DA:123,1
DA:126,1
DA:127,1
DA:128,0
DA:131,1
DA:132,0
DA:135,1
DA:141,1
DA:143,1
DA:149,10
DA:150,1
DA:151,1
DA:152,0
DA:154,1
DA:157,10
LF:54
LH:47
BRDA:41,0,0,1
BRDA:42,1,0,1
BRDA:48,2,0,2
BRDA:48,2,1,0
BRDA:76,3,0,4
BRDA:77,4,0,10
BRDA:77,4,1,4
BRDA:78,5,0,10
BRDA:78,5,1,4
BRDA:79,6,0,10
BRDA:79,6,1,4
BRDA:80,7,0,10
BRDA:80,7,1,4
BRDA:81,8,0,10
BRDA:81,8,1,4
BRDA:86,9,0,1
BRDA:86,9,1,2
BRDA:86,10,0,3
BRDA:86,10,1,2
BRDA:90,11,0,0
BRDA:90,11,1,2
BRDA:90,12,0,2
BRDA:90,12,1,2
BRDA:95,13,0,0
BRDA:95,13,1,2
BRDA:109,14,0,1
BRDA:109,14,1,0
BRDA:117,15,0,0
BRDA:117,15,1,2
BRDA:117,16,0,2
BRDA:117,16,1,2
BRDA:122,17,0,1
BRDA:122,17,1,1
BRDA:127,18,0,0
BRDA:127,18,1,1
BRDA:131,19,0,0
BRDA:131,19,1,1
BRDA:151,20,0,0
BRDA:151,20,1,1
BRF:39
BRH:31
end_of_record
TN:
SF:src\services\caseService.ts
FN:18,(anonymous_0)
FN:20,(anonymous_1)
FN:22,(anonymous_2)
FN:34,(anonymous_3)
FN:49,(anonymous_4)
FN:73,(anonymous_5)
FN:99,(anonymous_6)
FN:123,(anonymous_7)
FN:134,(anonymous_8)
FN:146,(anonymous_9)
FN:175,(anonymous_10)
FNF:11
FNH:8
FNDA:13,(anonymous_0)
FNDA:0,(anonymous_1)
FNDA:9,(anonymous_2)
FNDA:6,(anonymous_3)
FNDA:1,(anonymous_4)
FNDA:1,(anonymous_5)
FNDA:1,(anonymous_6)
FNDA:2,(anonymous_7)
FNDA:2,(anonymous_8)
FNDA:0,(anonymous_9)
FNDA:0,(anonymous_10)
DA:1,5
DA:8,5
DA:18,5
DA:19,13
DA:20,13
DA:22,13
DA:27,9
DA:34,13
DA:38,6
DA:39,6
DA:40,1
DA:42,5
DA:43,5
DA:44,0
DA:46,5
DA:49,13
DA:58,1
DA:59,1
DA:60,0
DA:62,1
DA:73,13
DA:79,1
DA:80,1
DA:81,0
DA:84,1
DA:93,1
DA:95,1
DA:96,1
DA:99,13
DA:104,1
DA:105,1
DA:106,0
DA:109,1
DA:117,1
DA:119,1
DA:120,1
DA:123,13
DA:124,2
DA:125,1
DA:127,1
DA:128,1
DA:131,0
DA:134,13
DA:138,2
DA:139,2
DA:140,1
DA:142,1
DA:143,1
DA:146,13
DA:154,0
DA:155,0
DA:156,0
DA:159,0
DA:162,0
DA:163,0
DA:173,0
DA:174,0
DA:175,0
DA:177,0
DA:178,0
DA:188,0
DA:189,0
DA:195,0
DA:204,13
LF:64
LH:45
BRDA:18,0,0,4
BRDA:19,1,0,13
BRDA:19,1,1,4
BRDA:20,2,0,0
BRDA:20,2,1,0
BRDA:39,3,0,1
BRDA:39,3,1,5
BRDA:43,4,0,0
BRDA:43,4,1,5
BRDA:59,5,0,0
BRDA:59,5,1,1
BRDA:80,6,0,0
BRDA:80,6,1,1
BRDA:105,7,0,0
BRDA:105,7,1,1
BRDA:124,8,0,1
BRDA:124,8,1,1
BRDA:127,9,0,1
BRDA:127,9,1,0
BRDA:139,10,0,1
BRDA:139,10,1,1
BRDA:155,11,0,0
BRDA:155,11,1,0
BRDA:162,12,0,0
BRDA:162,12,1,0
BRDA:175,13,0,0
BRDA:175,13,1,0
BRDA:175,13,2,0
BRDA:177,14,0,0
BRDA:177,14,1,0
BRDA:181,15,0,0
BRDA:181,15,1,0
BRF:32
BRH:14
end_of_record
TN:
SF:src\services\managementService.ts
FN:10,(anonymous_0)
FN:13,(anonymous_1)
FN:15,(anonymous_2)
FN:17,(anonymous_3)
FN:22,(anonymous_4)
FN:24,(anonymous_5)
FN:26,(anonymous_6)
FNF:7
FNH:6
FNDA:6,(anonymous_0)
FNDA:1,(anonymous_1)
FNDA:1,(anonymous_2)
FNDA:1,(anonymous_3)
FNDA:1,(anonymous_4)
FNDA:0,(anonymous_5)
FNDA:1,(anonymous_6)
DA:1,5
DA:10,5
DA:11,6
DA:13,6
DA:15,6
DA:17,6
DA:20,1
DA:22,6
DA:24,6
DA:26,6
DA:28,1
DA:30,6
LF:12
LH:12
BRDA:10,0,0,5
BRDA:11,1,0,6
BRDA:11,1,1,5
BRF:3
BRH:3
end_of_record
TN:
SF:src\services\moodService.ts
FN:43,(anonymous_0)
FN:49,(anonymous_1)
FN:77,(anonymous_2)
FN:79,(anonymous_3)
FN:86,(anonymous_4)
FN:91,(anonymous_5)
FN:95,(anonymous_6)
FN:96,(anonymous_7)
FN:98,(anonymous_8)
FN:120,(anonymous_9)
FN:122,(anonymous_10)
FN:125,(anonymous_11)
FN:133,(anonymous_12)
FN:140,(anonymous_13)
FN:153,(anonymous_14)
FN:166,(anonymous_15)
FN:169,(anonymous_16)
FN:170,(anonymous_17)
FN:171,(anonymous_18)
FN:178,(anonymous_19)
FN:179,(anonymous_20)
FN:190,(anonymous_21)
FN:204,(anonymous_22)
FN:208,(anonymous_23)
FN:211,(anonymous_24)
FN:219,(anonymous_25)
FN:222,(anonymous_26)
FN:230,(anonymous_27)
FN:237,(anonymous_28)
FN:242,(anonymous_29)
FN:243,(anonymous_30)
FN:244,(anonymous_31)
FN:246,(anonymous_32)
FN:248,(anonymous_33)
FN:257,(anonymous_34)
FN:261,(anonymous_35)
FN:276,(anonymous_36)
FN:278,(anonymous_37)
FN:294,(anonymous_38)
FN:295,(anonymous_39)
FN:300,(anonymous_40)
FN:310,(anonymous_41)
FN:357,(anonymous_42)
FN:366,(anonymous_43)
FN:368,(anonymous_44)
FN:372,(anonymous_45)
FN:379,(anonymous_46)
FN:381,(anonymous_47)
FN:397,(anonymous_48)
FN:410,(anonymous_49)
FN:418,(anonymous_50)
FN:419,(anonymous_51)
FNF:52
FNH:49
FNDA:6,(anonymous_0)
FNDA:7,(anonymous_1)
FNDA:12,(anonymous_2)
FNDA:6,(anonymous_3)
FNDA:2,(anonymous_4)
FNDA:3,(anonymous_5)
FNDA:4,(anonymous_6)
FNDA:5,(anonymous_7)
FNDA:1,(anonymous_8)
FNDA:21,(anonymous_9)
FNDA:0,(anonymous_10)
FNDA:0,(anonymous_11)
FNDA:0,(anonymous_12)
FNDA:4,(anonymous_13)
FNDA:2,(anonymous_14)
FNDA:1,(anonymous_15)
FNDA:1,(anonymous_16)
FNDA:1,(anonymous_17)
FNDA:1,(anonymous_18)
FNDA:1,(anonymous_19)
FNDA:1,(anonymous_20)
FNDA:2,(anonymous_21)
FNDA:1,(anonymous_22)
FNDA:1,(anonymous_23)
FNDA:1,(anonymous_24)
FNDA:1,(anonymous_25)
FNDA:2,(anonymous_26)
FNDA:1,(anonymous_27)
FNDA:2,(anonymous_28)
FNDA:3,(anonymous_29)
FNDA:3,(anonymous_30)
FNDA:2,(anonymous_31)
FNDA:4,(anonymous_32)
FNDA:9,(anonymous_33)
FNDA:3,(anonymous_34)
FNDA:2,(anonymous_35)
FNDA:2,(anonymous_36)
FNDA:2,(anonymous_37)
FNDA:1,(anonymous_38)
FNDA:2,(anonymous_39)
FNDA:1,(anonymous_40)
FNDA:2,(anonymous_41)
FNDA:2,(anonymous_42)
FNDA:3,(anonymous_43)
FNDA:3,(anonymous_44)
FNDA:3,(anonymous_45)
FNDA:1,(anonymous_46)
FNDA:2,(anonymous_47)
FNDA:3,(anonymous_48)
FNDA:2,(anonymous_49)
FNDA:2,(anonymous_50)
FNDA:3,(anonymous_51)
DA:1,5
DA:2,5
DA:43,5
DA:44,6
DA:45,1
DA:48,5
DA:49,5
DA:50,7
DA:51,0
DA:54,7
DA:55,2
DA:58,5
DA:59,5
DA:60,4
DA:63,5
DA:70,3
DA:71,1
DA:74,2
DA:77,12
DA:79,5
DA:80,6
DA:81,6
DA:82,6
DA:83,6
DA:86,5
DA:87,2
DA:88,1
DA:91,3
DA:92,1
DA:95,5
DA:96,5
DA:98,5
DA:103,1
DA:105,1
DA:106,1
DA:109,1
DA:110,0
DA:113,1
DA:114,0
DA:117,1
DA:120,5
DA:121,21
DA:122,21
DA:124,21
DA:126,0
DA:129,0
DA:132,21
DA:134,0
DA:137,0
DA:140,21
DA:141,4
DA:143,1
DA:153,21
DA:155,2
DA:156,2
DA:165,2
DA:166,1
DA:169,1
DA:170,1
DA:171,1
DA:178,1
DA:179,1
DA:190,21
DA:191,2
DA:193,1
DA:204,21
DA:205,1
DA:208,21
DA:209,1
DA:211,1
DA:219,21
DA:220,1
DA:222,2
DA:230,21
DA:231,1
DA:232,1
DA:234,1
DA:237,21
DA:238,2
DA:239,2
DA:240,2
DA:241,2
DA:242,3
DA:243,3
DA:244,2
DA:247,4
DA:248,9
DA:250,4
DA:254,2
DA:257,3
DA:261,21
DA:262,2
DA:263,2
DA:264,2
DA:265,2
DA:267,2
DA:268,1
DA:276,2
DA:277,1
DA:278,2
DA:281,1
DA:282,1
DA:283,1
DA:285,1
DA:286,2
DA:287,2
DA:288,2
DA:289,2
DA:290,2
DA:293,1
DA:294,1
DA:295,2
DA:300,1
DA:302,1
DA:310,21
DA:311,2
DA:312,2
DA:313,2
DA:314,2
DA:316,2
DA:317,1
DA:334,1
DA:335,1
DA:336,1
DA:341,1
DA:343,1
DA:344,3
DA:349,3
DA:350,3
DA:351,3
DA:352,3
DA:353,3
DA:355,3
DA:356,3
DA:357,2
DA:358,2
DA:359,2
DA:360,2
DA:366,3
DA:368,3
DA:371,1
DA:372,3
DA:374,1
DA:375,1
DA:376,1
DA:377,1
DA:378,1
DA:379,1
DA:381,2
DA:386,1
DA:387,1
DA:389,1
DA:390,3
DA:391,3
DA:392,3
DA:393,3
DA:394,3
DA:397,1
DA:398,3
DA:400,1
DA:401,1
DA:402,2
DA:403,2
DA:404,1
DA:406,1
DA:410,1
DA:411,2
DA:413,1
DA:414,1
DA:415,1
DA:416,1
DA:417,1
DA:418,1
DA:419,3
DA:420,1
DA:421,1
DA:422,1
DA:425,1
DA:442,21
LF:179
LH:172
BRDA:44,0,0,1
BRDA:44,0,1,5
BRDA:44,1,0,6
BRDA:44,1,1,6
BRDA:50,2,0,0
BRDA:50,2,1,7
BRDA:50,3,0,7
BRDA:50,3,1,7
BRDA:54,4,0,2
BRDA:54,4,1,5
BRDA:54,5,0,7
BRDA:54,5,1,7
BRDA:54,5,2,6
BRDA:58,6,0,5
BRDA:58,6,1,1
BRDA:59,7,0,4
BRDA:59,7,1,1
BRDA:70,8,0,1
BRDA:70,8,1,2
BRDA:80,9,0,0
BRDA:80,9,1,6
BRDA:80,10,0,2
BRDA:80,10,1,4
BRDA:87,11,0,1
BRDA:87,11,1,1
BRDA:105,12,0,1
BRDA:105,12,1,0
BRDA:109,13,0,0
BRDA:109,13,1,1
BRDA:113,14,0,0
BRDA:113,14,1,1
BRDA:120,15,0,4
BRDA:121,16,0,21
BRDA:121,16,1,4
BRDA:122,17,0,21
BRDA:122,17,1,15
BRDA:124,18,0,21
BRDA:124,18,1,14
BRDA:132,19,0,21
BRDA:132,19,1,18
BRDA:155,20,0,2
BRDA:155,20,1,1
BRDA:157,21,0,1
BRDA:157,21,1,1
BRDA:160,22,0,1
BRDA:160,22,1,1
BRDA:180,23,0,1
BRDA:180,23,1,0
BRDA:181,24,0,1
BRDA:181,24,1,0
BRDA:248,25,0,9
BRDA:248,25,1,5
BRDA:250,26,0,3
BRDA:250,26,1,1
BRDA:267,27,0,1
BRDA:267,27,1,1
BRDA:286,28,0,2
BRDA:286,28,1,2
BRDA:290,29,0,2
BRDA:290,29,1,2
BRDA:300,30,0,1
BRDA:300,30,1,0
BRDA:316,31,0,1
BRDA:316,31,1,1
BRDA:344,32,0,3
BRDA:344,32,1,3
BRDA:352,33,0,3
BRDA:352,33,1,2
BRDA:353,34,0,3
BRDA:353,34,1,0
BRDA:356,35,0,2
BRDA:356,35,1,1
BRDA:359,36,0,2
BRDA:359,36,1,1
BRDA:361,37,0,2
BRDA:361,37,1,1
BRDA:375,38,0,1
BRDA:375,38,1,0
BRDA:376,39,0,1
BRDA:376,39,1,0
BRDA:377,40,0,1
BRDA:377,40,1,0
BRDA:386,41,0,1
BRDA:386,41,1,0
BRDA:390,42,0,3
BRDA:390,42,1,3
BRDA:393,43,0,3
BRDA:393,43,1,3
BRDA:403,44,0,1
BRDA:403,44,1,1
BRDA:403,45,0,2
BRDA:403,45,1,1
BRDA:414,46,0,1
BRDA:414,46,1,0
BRDA:421,47,0,0
BRDA:421,47,1,1
BRDA:422,48,0,0
BRDA:422,48,1,1
BRF:98
BRH:82
end_of_record
TN:
SF:src\services\promptService.ts
FN:5,(anonymous_0)
FN:12,(anonymous_1)
FN:15,(anonymous_2)
FN:17,(anonymous_3)
FN:19,(anonymous_4)
FN:21,(anonymous_5)
FN:27,(anonymous_6)
FN:32,(anonymous_7)
FNF:8
FNH:2
FNDA:4,(anonymous_0)
FNDA:4,(anonymous_1)
FNDA:0,(anonymous_2)
FNDA:0,(anonymous_3)
FNDA:0,(anonymous_4)
FNDA:0,(anonymous_5)
FNDA:0,(anonymous_6)
FNDA:0,(anonymous_7)
DA:1,4
DA:3,4
DA:5,4
DA:6,4
DA:7,4
DA:9,4
DA:12,4
DA:13,4
DA:15,4
DA:17,4
DA:19,4
DA:21,4
DA:22,0
DA:23,0
DA:24,0
DA:27,4
DA:28,0
DA:29,0
DA:32,4
DA:33,0
DA:36,4
DA:41,4
DA:42,4
LF:23
LH:17
BRDA:6,0,0,4
BRDA:6,0,1,0
BRDA:13,1,0,4
BRDA:13,1,1,4
BRDA:23,2,0,0
BRDA:23,2,1,0
BRDA:29,3,0,0
BRDA:29,3,1,0
BRF:8
BRH:3
end_of_record
TN:
SF:src\utils\apiResponse.ts
FN:18,(anonymous_0)
FN:24,(anonymous_1)
FN:36,(anonymous_2)
FNF:3
FNH:3
FNDA:28,(anonymous_0)
FNDA:9,(anonymous_1)
FNDA:6,(anonymous_2)
DA:7,12
DA:18,28
DA:24,12
DA:29,9
DA:30,0
DA:33,9
DA:36,12
DA:37,6
DA:39,0
DA:41,1
DA:43,1
DA:45,3
DA:47,0
DA:49,0
DA:51,1
LF:15
LH:11
BRDA:18,0,0,0
BRDA:27,1,0,8
BRDA:29,2,0,0
BRDA:29,2,1,9
BRDA:37,3,0,0
BRDA:37,3,1,1
BRDA:37,3,2,1
BRDA:37,3,3,3
BRDA:37,3,4,0
BRDA:37,3,5,0
BRDA:37,3,6,1
BRDA:51,4,0,1
BRDA:51,4,1,0
BRF:13
BRH:7
end_of_record
TN:
SF:src\utils\cache.ts
FN:5,(anonymous_1)
FN:18,(anonymous_2)
FN:31,(anonymous_3)
FN:50,(anonymous_4)
FN:59,(anonymous_5)
FN:63,(anonymous_6)
FN:70,(anonymous_7)
FN:74,(anonymous_8)
FN:81,(anonymous_9)
FN:85,(anonymous_10)
FN:105,(anonymous_11)
FN:112,(anonymous_12)
FN:118,(anonymous_13)
FNF:13
FNH:0
FNDA:0,(anonymous_1)
FNDA:0,(anonymous_2)
FNDA:0,(anonymous_3)
FNDA:0,(anonymous_4)
FNDA:0,(anonymous_5)
FNDA:0,(anonymous_6)
FNDA:0,(anonymous_7)
FNDA:0,(anonymous_8)
FNDA:0,(anonymous_9)
FNDA:0,(anonymous_10)
FNDA:0,(anonymous_11)
FNDA:0,(anonymous_12)
FNDA:0,(anonymous_13)
DA:1,4
DA:3,4
DA:5,4
DA:10,0
DA:11,0
DA:12,0
DA:14,0
DA:18,4
DA:19,0
DA:20,0
DA:21,0
DA:22,0
DA:24,0
DA:26,0
DA:27,0
DA:31,4
DA:32,0
DA:33,0
DA:36,0
DA:38,0
DA:39,0
DA:40,0
DA:41,0
DA:44,0
DA:46,0
DA:50,4
DA:51,0
DA:52,0
DA:53,0
DA:55,0
DA:59,4
DA:60,0
DA:63,4
DA:64,0
DA:67,4
DA:68,4
DA:70,4
DA:71,0
DA:74,4
DA:78,0
DA:81,4
DA:82,0
DA:85,4
DA:86,0
DA:92,0
DA:93,0
DA:94,0
DA:95,0
DA:96,0
DA:97,0
DA:101,0
DA:105,4
DA:109,0
DA:112,4
DA:115,0
DA:118,4
DA:122,0
DA:123,0
DA:124,0
DA:127,0
DA:128,0
DA:129,0
LF:62
LH:17
BRDA:8,0,0,0
BRDA:21,1,0,0
BRDA:21,1,1,0
BRDA:32,2,0,0
BRDA:32,2,1,0
BRDA:39,3,0,0
BRDA:39,3,1,0
BRDA:95,4,0,0
BRDA:95,4,1,0
BRDA:95,5,0,0
BRDA:95,5,1,0
BRDA:123,6,0,0
BRDA:123,6,1,0
BRF:13
BRH:0
end_of_record
TN:
SF:src\utils\contentFilter.ts
FN:102,(anonymous_0)
FN:134,(anonymous_1)
FN:139,(anonymous_2)
FNF:3
FNH:0
FNDA:0,(anonymous_0)
FNDA:0,(anonymous_1)
FNDA:0,(anonymous_2)
DA:1,4
DA:102,4
DA:103,0
DA:104,0
DA:106,0
DA:107,0
DA:108,0
DA:112,0
DA:113,0
DA:120,0
DA:121,0
DA:122,0
DA:123,0
DA:124,0
DA:127,0
DA:134,4
DA:135,0
DA:136,0
DA:139,4
DA:140,0
DA:141,0
LF:21
LH:4
BRDA:107,0,0,0
BRDA:107,0,1,0
BRDA:112,1,0,0
BRDA:112,1,1,0
BRDA:121,2,0,0
BRDA:121,2,1,0
BRDA:123,3,0,0
BRDA:123,3,1,0
BRDA:136,4,0,0
BRDA:136,4,1,0
BRDA:141,5,0,0
BRDA:141,5,1,0
BRF:12
BRH:0
end_of_record
TN:
SF:src\utils\encryption.ts
FN:14,getKey
FN:30,encrypt
FN:55,decrypt
FN:83,encryptField
FN:88,decryptField
FN:93,generateEncryptionKey
FNF:6
FNH:0
FNDA:0,getKey
FNDA:0,encrypt
FNDA:0,decrypt
FNDA:0,encryptField
FNDA:0,decryptField
FNDA:0,generateEncryptionKey
DA:1,0
DA:3,0
DA:5,0
DA:6,0
DA:9,0
DA:10,0
DA:11,0
DA:12,0
DA:15,0
DA:16,0
DA:17,0
DA:21,0
DA:30,0
DA:31,0
DA:33,0
DA:34,0
DA:35,0
DA:37,0
DA:38,0
DA:40,0
DA:42,0
DA:48,0
DA:50,0
DA:51,0
DA:55,0
DA:56,0
DA:58,0
DA:59,0
DA:62,0
DA:63,0
DA:65,0
DA:71,0
DA:73,0
DA:74,0
DA:76,0
DA:78,0
DA:79,0
DA:83,0
DA:84,0
DA:85,0
DA:88,0
DA:89,0
DA:90,0
DA:93,0
DA:94,0
LF:45
LH:0
BRDA:5,0,0,0
BRDA:5,0,1,0
BRDA:16,1,0,0
BRDA:16,1,1,0
BRDA:31,2,0,0
BRDA:31,2,1,0
BRDA:56,3,0,0
BRDA:56,3,1,0
BRDA:58,4,0,0
BRDA:58,4,1,0
BRDA:84,5,0,0
BRDA:84,5,1,0
BRDA:84,6,0,0
BRDA:84,6,1,0
BRDA:89,7,0,0
BRDA:89,7,1,0
BRDA:89,8,0,0
BRDA:89,8,1,0
BRF:18
BRH:0
end_of_record
TN:
SF:src\utils\errors.ts
FN:17,(anonymous_0)
FN:41,(anonymous_1)
FN:53,(anonymous_2)
FN:72,(anonymous_3)
FN:87,(anonymous_4)
FN:103,(anonymous_5)
FN:125,(anonymous_6)
FNF:7
FNH:3
FNDA:10,(anonymous_0)
FNDA:5,(anonymous_1)
FNDA:2,(anonymous_2)
FNDA:0,(anonymous_3)
FNDA:0,(anonymous_4)
FNDA:0,(anonymous_5)
FNDA:0,(anonymous_6)
DA:10,11
DA:23,10
DA:24,10
DA:25,10
DA:26,10
DA:27,10
DA:28,10
DA:30,10
DA:40,11
DA:42,5
DA:52,11
DA:59,2
DA:69,11
DA:73,0
DA:74,0
DA:84,11
DA:88,0
DA:89,0
DA:99,11
DA:109,0
DA:110,0
DA:111,0
DA:121,11
DA:131,0
DA:132,0
DA:133,0
LF:26
LH:16
BRDA:20,0,0,0
BRDA:21,1,0,0
BRDA:41,2,0,5
BRDA:41,3,0,5
BRDA:56,4,0,2
BRDA:57,5,0,2
BRDA:72,6,0,0
BRDA:87,7,0,0
BRDA:107,8,0,0
BRDA:129,9,0,0
BRF:10
BRH:4
end_of_record
TN:
SF:src\utils\index.ts
FNF:0
FNH:0
DA:4,0
DA:7,0
DA:10,0
DA:13,0
DA:16,0
DA:19,0
DA:22,0
LF:7
LH:0
BRF:0
BRH:0
end_of_record
TN:
SF:src\utils\logger.ts
FN:18,(anonymous_1)
FN:25,(anonymous_2)
FN:58,(anonymous_3)
FN:72,(anonymous_4)
FN:91,(anonymous_5)
FN:98,(anonymous_6)
FN:114,(anonymous_7)
FNF:7
FNH:4
FNDA:138,(anonymous_1)
FNDA:192,(anonymous_2)
FNDA:0,(anonymous_3)
FNDA:11,(anonymous_4)
FNDA:0,(anonymous_5)
FNDA:17,(anonymous_6)
FNDA:0,(anonymous_7)
DA:1,7
DA:2,7
DA:11,7
DA:13,7
DA:14,7
DA:15,7
DA:16,7
DA:18,7
DA:19,138
DA:25,7
DA:26,192
DA:27,0
DA:30,192
DA:31,10
DA:34,182
DA:35,0
DA:38,182
DA:39,138
DA:42,44
DA:43,27
DA:46,17
DA:47,0
DA:57,17
DA:58,0
DA:61,17
DA:62,17
DA:63,17
DA:64,170
DA:66,17
DA:69,0
DA:72,7
DA:73,11
DA:74,11
DA:77,0
DA:78,0
DA:81,0
DA:82,0
DA:85,0
DA:86,0
DA:87,0
DA:91,0
DA:95,0
DA:98,7
DA:99,17
DA:103,7
DA:115,0
DA:116,0
DA:123,7
DA:129,7
DA:154,7
DA:155,7
DA:162,7
LF:52
LH:36
BRDA:11,0,0,0
BRDA:11,0,1,7
BRDA:25,1,0,22
BRDA:25,2,0,22
BRDA:26,3,0,0
BRDA:26,3,1,192
BRDA:30,4,0,10
BRDA:30,4,1,182
BRDA:30,5,0,192
BRDA:30,5,1,182
BRDA:34,6,0,0
BRDA:34,6,1,182
BRDA:38,7,0,138
BRDA:38,7,1,44
BRDA:42,8,0,27
BRDA:42,8,1,17
BRDA:42,9,0,44
BRDA:42,9,1,17
BRDA:46,10,0,0
BRDA:46,10,1,17
BRDA:51,11,0,0
BRDA:51,11,1,0
BRDA:51,12,0,0
BRDA:51,12,1,0
BRDA:57,13,0,0
BRDA:57,13,1,17
BRDA:61,14,0,17
BRDA:61,14,1,0
BRDA:73,15,0,11
BRDA:73,15,1,0
BRDA:73,16,0,11
BRDA:73,16,1,11
BRDA:77,17,0,0
BRDA:77,17,1,0
BRDA:81,18,0,0
BRDA:81,18,1,0
BRDA:85,19,0,0
BRDA:85,19,1,0
BRDA:115,20,0,0
BRDA:115,20,1,0
BRDA:116,21,0,0
BRDA:116,21,1,0
BRDA:154,22,0,7
BRDA:154,22,1,0
BRF:44
BRH:22
end_of_record
TN:
SF:src\utils\operationLogger.ts
FN:14,(anonymous_10)
FN:84,(anonymous_11)
FN:85,(anonymous_12)
FN:88,(anonymous_13)
FNF:4
FNH:2
FNDA:1,(anonymous_10)
FNDA:48,(anonymous_11)
FNDA:0,(anonymous_12)
FNDA:0,(anonymous_13)
DA:1,5
DA:3,5
DA:5,5
DA:9,5
DA:14,5
DA:24,1
DA:37,1
DA:40,1
DA:41,1
DA:54,0
DA:61,5
DA:84,5
DA:85,48
DA:86,0
DA:88,0
DA:89,0
DA:90,0
DA:93,0
DA:94,0
DA:99,0
DA:101,0
DA:105,0
DA:117,0
LF:23
LH:12
BRDA:62,0,0,0
BRDA:62,0,1,5
BRDA:89,1,0,0
BRDA:89,1,1,0
BRDA:93,2,0,0
BRDA:93,2,1,0
BRDA:94,3,0,0
BRDA:94,3,1,0
BRDA:96,4,0,0
BRDA:96,4,1,0
BRDA:99,5,0,0
BRDA:99,5,1,0
BRDA:99,6,0,0
BRDA:99,6,1,0
BRDA:101,7,0,0
BRDA:101,7,1,0
BRDA:101,7,2,0
BRF:17
BRH:1
end_of_record
TN:
SF:src\utils\password.ts
FN:18,(anonymous_1)
FN:39,(anonymous_2)
FN:59,(anonymous_3)
FN:77,(anonymous_4)
FNF:4
FNH:0
FNDA:0,(anonymous_1)
FNDA:0,(anonymous_2)
FNDA:0,(anonymous_3)
FNDA:0,(anonymous_4)
DA:1,5
DA:18,5
DA:22,0
DA:23,0
DA:25,0
DA:26,0
DA:39,5
DA:43,0
DA:44,0
DA:46,0
DA:47,0
DA:59,5
DA:61,0
DA:62,0
DA:63,0
DA:64,0
DA:66,0
DA:77,5
DA:80,0
DA:83,0
DA:84,0
DA:87,0
DA:88,0
DA:89,0
DA:90,0
DA:93,0
DA:94,0
DA:95,0
LF:28
LH:5
BRDA:20,0,0,0
BRDA:59,1,0,0
BRDA:83,2,0,0
BRDA:83,2,1,0
BRDA:84,3,0,0
BRDA:84,3,1,0
BRDA:87,4,0,0
BRDA:87,4,1,0
BRDA:88,5,0,0
BRDA:88,5,1,0
BRDA:89,6,0,0
BRDA:89,6,1,0
BRDA:90,7,0,0
BRDA:90,7,1,0
BRDA:93,8,0,0
BRDA:93,8,1,0
BRDA:94,9,0,0
BRDA:94,9,1,0
BRF:18
BRH:0
end_of_record
TN:
SF:src\utils\redis.client.ts
FN:13,(anonymous_1)
FN:18,(anonymous_2)
FN:23,(anonymous_3)
FN:39,(anonymous_4)
FN:40,(anonymous_5)
FN:46,(anonymous_6)
FN:51,(anonymous_7)
FN:56,(anonymous_8)
FN:60,(anonymous_9)
FN:69,(anonymous_10)
FN:82,(anonymous_11)
FN:89,(anonymous_12)
FN:114,(anonymous_13)
FN:139,(anonymous_14)
FN:146,(anonymous_15)
FN:153,(anonymous_16)
FN:160,(anonymous_17)
FN:173,(anonymous_18)
FN:180,(anonymous_19)
FNF:19
FNH:0
FNDA:0,(anonymous_1)
FNDA:0,(anonymous_2)
FNDA:0,(anonymous_3)
FNDA:0,(anonymous_4)
FNDA:0,(anonymous_5)
FNDA:0,(anonymous_6)
FNDA:0,(anonymous_7)
FNDA:0,(anonymous_8)
FNDA:0,(anonymous_9)
FNDA:0,(anonymous_10)
FNDA:0,(anonymous_11)
FNDA:0,(anonymous_12)
FNDA:0,(anonymous_13)
FNDA:0,(anonymous_14)
FNDA:0,(anonymous_15)
FNDA:0,(anonymous_16)
FNDA:0,(anonymous_17)
FNDA:0,(anonymous_18)
FNDA:0,(anonymous_19)
DA:1,0
DA:2,0
DA:3,0
DA:7,0
DA:8,0
DA:9,0
DA:10,0
DA:11,0
DA:14,0
DA:15,0
DA:19,0
DA:24,0
DA:25,0
DA:26,0
DA:27,0
DA:29,0
DA:30,0
DA:31,0
DA:32,0
DA:40,0
DA:41,0
DA:42,0
DA:43,0
DA:46,0
DA:47,0
DA:48,0
DA:51,0
DA:52,0
DA:53,0
DA:56,0
DA:57,0
DA:60,0
DA:61,0
DA:62,0
DA:70,0
DA:71,0
DA:72,0
DA:74,0
DA:75,0
DA:83,0
DA:93,0
DA:94,0
DA:95,0
DA:96,0
DA:97,0
DA:99,0
DA:101,0
DA:103,0
DA:104,0
DA:105,0
DA:107,0
DA:115,0
DA:116,0
DA:117,0
DA:124,0
DA:126,0
DA:128,0
DA:129,0
DA:130,0
DA:132,0
DA:140,0
DA:147,0
DA:154,0
DA:161,0
DA:162,0
DA:163,0
DA:165,0
DA:166,0
DA:174,0
DA:181,0
DA:186,0
DA:187,0
LF:72
LH:0
BRDA:20,0,0,0
BRDA:20,0,1,0
BRDA:21,1,0,0
BRDA:21,1,1,0
BRDA:24,2,0,0
BRDA:24,2,1,0
BRDA:94,3,0,0
BRDA:94,3,1,0
BRDA:95,4,0,0
BRDA:95,4,1,0
BRDA:104,5,0,0
BRDA:104,5,1,0
BRDA:116,6,0,0
BRDA:116,6,1,0
BRDA:129,7,0,0
BRDA:129,7,1,0
BRF:16
BRH:0
end_of_record
TN:
SF:src\utils\redisClient.ts
FNF:0
FNH:0
DA:1,0
DA:3,0
DA:9,0
LF:3
LH:0
BRDA:4,0,0,0
BRDA:4,0,1,0
BRDA:5,1,0,0
BRDA:5,1,1,0
BRF:4
BRH:0
end_of_record
TN:
SF:src\utils\scoringEngine.ts
FN:37,(anonymous_0)
FN:57,(anonymous_1)
FN:84,(anonymous_2)
FNF:3
FNH:3
FNDA:1,(anonymous_0)
FNDA:1,(anonymous_1)
FNDA:1,(anonymous_2)
DA:37,6
DA:41,1
DA:42,1
DA:44,1
DA:45,3
DA:48,3
DA:51,1
DA:57,6
DA:62,1
DA:63,2
DA:64,2
DA:65,1
DA:73,0
DA:84,6
DA:90,1
DA:91,1
LF:16
LH:15
BRDA:42,0,0,1
BRDA:42,0,1,0
BRDA:45,1,0,0
BRDA:45,1,1,3
BRDA:64,2,0,1
BRDA:64,2,1,1
BRDA:64,3,0,2
BRDA:64,3,1,2
BRDA:69,4,0,1
BRDA:69,4,1,0
BRF:10
BRH:7
end_of_record
TN:
SF:src\utils\ai\aiCallService.ts
FN:19,(anonymous_1)
FN:36,(anonymous_2)
FN:69,(anonymous_3)
FN:93,(anonymous_4)
FNF:4
FNH:0
FNDA:0,(anonymous_1)
FNDA:0,(anonymous_2)
FNDA:0,(anonymous_3)
FNDA:0,(anonymous_4)
DA:6,4
DA:7,4
DA:9,4
DA:10,4
DA:19,4
DA:24,0
DA:25,0
DA:29,0
DA:30,0
DA:36,0
DA:38,0
DA:39,0
DA:43,0
DA:44,0
DA:45,0
DA:48,0
DA:53,0
DA:55,0
DA:69,4
DA:74,0
DA:75,0
DA:78,0
DA:83,0
DA:93,4
DA:94,0
LF:25
LH:7
BRDA:21,0,0,0
BRDA:22,1,0,0
BRDA:24,2,0,0
BRDA:24,2,1,0
BRDA:38,3,0,0
BRDA:38,3,1,0
BRDA:53,4,0,0
BRDA:53,4,1,0
BRDA:56,5,0,0
BRDA:56,5,1,0
BRDA:57,6,0,0
BRDA:57,6,1,0
BRDA:58,7,0,0
BRDA:58,7,1,0
BRDA:72,8,0,0
BRDA:74,9,0,0
BRDA:74,9,1,0
BRDA:84,10,0,0
BRDA:84,10,1,0
BRDA:85,11,0,0
BRDA:85,11,1,0
BRDA:86,12,0,0
BRDA:86,12,1,0
BRDA:94,13,0,0
BRDA:94,13,1,0
BRDA:94,14,0,0
BRDA:94,14,1,0
BRF:27
BRH:0
end_of_record
TN:
SF:src\utils\ai\aiClient.ts
FN:18,(anonymous_1)
FN:30,(anonymous_2)
FN:34,(anonymous_3)
FN:41,(anonymous_4)
FN:45,(anonymous_5)
FN:59,(anonymous_6)
FN:83,(anonymous_7)
FN:103,(anonymous_8)
FN:111,(anonymous_9)
FN:112,(anonymous_10)
FN:124,(anonymous_11)
FN:157,(anonymous_12)
FN:181,(anonymous_13)
FNF:13
FNH:1
FNDA:4,(anonymous_1)
FNDA:0,(anonymous_2)
FNDA:0,(anonymous_3)
FNDA:0,(anonymous_4)
FNDA:0,(anonymous_5)
FNDA:0,(anonymous_6)
FNDA:0,(anonymous_7)
FNDA:0,(anonymous_8)
FNDA:0,(anonymous_9)
FNDA:0,(anonymous_10)
FNDA:0,(anonymous_11)
FNDA:0,(anonymous_12)
FNDA:0,(anonymous_13)
DA:6,4
DA:7,4
DA:8,4
DA:9,4
DA:14,4
DA:16,4
DA:19,4
DA:29,4
DA:31,0
DA:32,0
DA:35,0
DA:40,4
DA:42,0
DA:43,0
DA:46,0
DA:47,0
DA:60,0
DA:61,0
DA:63,0
DA:64,0
DA:71,0
DA:72,0
DA:73,0
DA:75,0
DA:76,0
DA:79,0
DA:80,0
DA:81,0
DA:82,0
DA:83,0
DA:84,0
DA:88,0
DA:107,0
DA:111,0
DA:112,0
DA:113,0
DA:126,0
DA:134,0
DA:135,0
DA:139,0
DA:141,0
DA:158,0
DA:160,0
DA:162,0
DA:165,0
DA:167,0
DA:173,4
DA:181,4
DA:185,0
DA:186,0
DA:189,0
DA:190,0
DA:191,0
DA:194,0
DA:195,0
DA:197,0
DA:204,0
DA:205,0
DA:215,0
DA:216,0
DA:217,0
DA:219,0
DA:221,0
DA:223,0
DA:224,0
DA:225,0
DA:227,0
DA:228,0
DA:230,0
DA:239,4
LF:70
LH:12
BRDA:24,0,0,0
BRDA:24,0,1,4
BRDA:59,1,0,0
BRDA:65,2,0,0
BRDA:65,2,1,0
BRDA:67,3,0,0
BRDA:67,3,1,0
BRDA:76,4,0,0
BRDA:76,4,1,0
BRDA:79,5,0,0
BRDA:79,5,1,0
BRDA:157,6,0,0
BRDA:158,7,0,0
BRDA:158,7,1,0
BRDA:158,7,2,0
BRDA:158,7,3,0
BRDA:183,8,0,0
BRDA:185,9,0,0
BRDA:185,9,1,0
BRDA:189,10,0,0
BRDA:189,10,1,0
BRDA:190,11,0,0
BRDA:190,11,1,0
BRDA:194,12,0,0
BRDA:194,12,1,0
BRDA:198,13,0,0
BRDA:198,13,1,0
BRDA:200,14,0,0
BRDA:200,14,1,0
BRDA:201,15,0,0
BRDA:201,15,1,0
BRDA:216,16,0,0
BRDA:216,16,1,0
BRDA:221,17,0,0
BRDA:221,17,1,0
BRDA:224,18,0,0
BRDA:224,18,1,0
BRDA:227,19,0,0
BRDA:227,19,1,0
BRDA:231,20,0,0
BRDA:231,20,1,0
BRF:41
BRH:1
end_of_record
TN:
SF:src\utils\ai\contentAuditService.ts
FN:16,(anonymous_1)
FN:32,(anonymous_2)
FN:98,(anonymous_3)
FN:155,(anonymous_4)
FN:169,(anonymous_5)
FN:179,(anonymous_6)
FN:189,(anonymous_7)
FNF:7
FNH:0
FNDA:0,(anonymous_1)
FNDA:0,(anonymous_2)
FNDA:0,(anonymous_3)
FNDA:0,(anonymous_4)
FNDA:0,(anonymous_5)
FNDA:0,(anonymous_6)
FNDA:0,(anonymous_7)
DA:6,0
DA:7,0
DA:8,0
DA:9,0
DA:11,0
DA:16,0
DA:18,0
DA:33,0
DA:34,0
DA:37,0
DA:38,0
DA:39,0
DA:40,0
DA:41,0
DA:45,0
DA:47,0
DA:48,0
DA:50,0
DA:56,0
DA:57,0
DA:60,0
DA:64,0
DA:72,0
DA:78,0
DA:79,0
DA:82,0
DA:83,0
DA:84,0
DA:86,0
DA:89,0
DA:99,0
DA:100,0
DA:103,0
DA:104,0
DA:105,0
DA:110,0
DA:111,0
DA:115,0
DA:116,0
DA:117,0
DA:118,0
DA:121,0
DA:122,0
DA:130,0
DA:131,0
DA:132,0
DA:133,0
DA:134,0
DA:137,0
DA:138,0
DA:139,0
DA:142,0
DA:156,0
DA:158,0
DA:170,0
DA:171,0
DA:180,0
DA:181,0
DA:191,0
DA:200,0
DA:201,0
LF:61
LH:0
BRDA:34,0,0,0
BRDA:34,0,1,0
BRDA:37,1,0,0
BRDA:37,1,1,0
BRDA:37,2,0,0
BRDA:37,2,1,0
BRDA:39,3,0,0
BRDA:39,3,1,0
BRDA:48,4,0,0
BRDA:48,4,1,0
BRDA:56,5,0,0
BRDA:56,5,1,0
BRDA:56,6,0,0
BRDA:56,6,1,0
BRDA:78,7,0,0
BRDA:78,7,1,0
BRDA:78,8,0,0
BRDA:78,8,1,0
BRDA:104,9,0,0
BRDA:104,9,1,0
BRDA:110,10,0,0
BRDA:110,10,1,0
BRDA:117,11,0,0
BRDA:117,11,1,0
BRDA:117,12,0,0
BRDA:117,12,1,0
BRDA:121,13,0,0
BRDA:121,13,1,0
BRDA:131,14,0,0
BRDA:131,14,1,0
BRDA:133,15,0,0
BRDA:133,15,1,0
BRDA:138,16,0,0
BRDA:138,16,1,0
BRDA:171,17,0,0
BRDA:171,17,1,0
BRDA:181,18,0,0
BRDA:181,18,1,0
BRF:38
BRH:0
end_of_record
TN:
SF:src\utils\ai\counselingService.ts
FN:77,(anonymous_1)
FN:79,(anonymous_2)
FN:89,(anonymous_3)
FN:126,(anonymous_4)
FN:132,(anonymous_5)
FN:157,(anonymous_6)
FN:159,(anonymous_7)
FN:186,(anonymous_8)
FNF:8
FNH:8
FNDA:5,(anonymous_1)
FNDA:169,(anonymous_2)
FNDA:5,(anonymous_3)
FNDA:5,(anonymous_4)
FNDA:2,(anonymous_5)
FNDA:4,(anonymous_6)
FNDA:4,(anonymous_7)
FNDA:4,(anonymous_8)
DA:6,1
DA:13,1
DA:38,1
DA:78,5
DA:79,5
DA:80,169
DA:90,5
DA:92,5
DA:95,5
DA:99,5
DA:101,4
DA:111,1
DA:112,1
DA:127,5
DA:130,5
DA:131,1
DA:132,1
DA:133,2
DA:138,5
DA:141,5
DA:142,1
DA:146,5
DA:148,5
DA:159,4
DA:161,4
DA:162,1
DA:166,3
DA:168,3
DA:169,1
DA:170,2
DA:171,2
DA:172,0
DA:173,0
DA:174,0
DA:175,0
DA:177,0
DA:187,4
DA:188,1
DA:191,3
DA:192,1
DA:195,2
DA:196,1
DA:199,1
DA:204,1
DA:205,1
LF:45
LH:40
BRDA:103,0,0,4
BRDA:103,0,1,3
BRDA:104,1,0,1
BRDA:104,1,1,3
BRDA:105,2,0,1
BRDA:105,2,1,3
BRDA:130,3,0,1
BRDA:130,3,1,4
BRDA:130,4,0,5
BRDA:130,4,1,1
BRDA:133,5,0,1
BRDA:133,5,1,1
BRDA:141,6,0,1
BRDA:141,6,1,4
BRDA:161,7,0,1
BRDA:161,7,1,3
BRDA:168,8,0,1
BRDA:168,8,1,2
BRDA:168,9,0,3
BRDA:168,9,1,2
BRDA:170,10,0,2
BRDA:170,10,1,0
BRDA:170,11,0,2
BRDA:170,11,1,0
BRDA:172,12,0,0
BRDA:172,12,1,0
BRDA:172,13,0,0
BRDA:172,13,1,0
BRDA:174,14,0,0
BRDA:174,14,1,0
BRDA:174,15,0,0
BRDA:174,15,1,0
BRDA:187,16,0,1
BRDA:187,16,1,3
BRDA:187,17,0,4
BRDA:187,17,1,3
BRDA:191,18,0,1
BRDA:191,18,1,2
BRDA:195,19,0,1
BRDA:195,19,1,1
BRDA:195,20,0,2
BRDA:195,20,1,2
BRF:42
BRH:32
end_of_record
TN:
SF:src\utils\ai\moodAnalysisService.ts
FN:28,(anonymous_1)
FN:83,(anonymous_2)
FN:149,(anonymous_3)
FN:172,(anonymous_4)
FN:187,(anonymous_5)
FN:188,(anonymous_6)
FN:196,(anonymous_7)
FN:206,(anonymous_8)
FN:216,(anonymous_9)
FN:220,(anonymous_10)
FN:224,(anonymous_11)
FN:265,(anonymous_12)
FN:274,(anonymous_13)
FN:288,(anonymous_14)
FN:291,(anonymous_15)
FN:318,(anonymous_16)
FNF:16
FNH:0
FNDA:0,(anonymous_1)
FNDA:0,(anonymous_2)
FNDA:0,(anonymous_3)
FNDA:0,(anonymous_4)
FNDA:0,(anonymous_5)
FNDA:0,(anonymous_6)
FNDA:0,(anonymous_7)
FNDA:0,(anonymous_8)
FNDA:0,(anonymous_9)
FNDA:0,(anonymous_10)
FNDA:0,(anonymous_11)
FNDA:0,(anonymous_12)
FNDA:0,(anonymous_13)
FNDA:0,(anonymous_14)
FNDA:0,(anonymous_15)
FNDA:0,(anonymous_16)
DA:6,0
DA:7,0
DA:8,0
DA:9,0
DA:17,0
DA:22,0
DA:29,0
DA:30,0
DA:35,0
DA:36,0
DA:37,0
DA:38,0
DA:39,0
DA:43,0
DA:45,0
DA:57,0
DA:63,0
DA:64,0
DA:67,0
DA:68,0
DA:69,0
DA:71,0
DA:74,0
DA:86,0
DA:87,0
DA:96,0
DA:97,0
DA:98,0
DA:99,0
DA:102,0
DA:106,0
DA:108,0
DA:120,0
DA:126,0
DA:127,0
DA:130,0
DA:131,0
DA:134,0
DA:136,0
DA:139,0
DA:158,0
DA:164,0
DA:179,0
DA:180,0
DA:184,0
DA:185,0
DA:187,0
DA:188,0
DA:189,0
DA:191,0
DA:194,0
DA:196,0
DA:198,0
DA:208,0
DA:209,0
DA:210,0
DA:212,0
DA:213,0
DA:214,0
DA:216,0
DA:217,0
DA:220,0
DA:221,0
DA:224,0
DA:225,0
DA:228,0
DA:229,0
DA:230,0
DA:232,0
DA:233,0
DA:234,0
DA:235,0
DA:236,0
DA:237,0
DA:238,0
DA:239,0
DA:240,0
DA:241,0
DA:245,0
DA:272,0
DA:273,0
DA:275,0
DA:276,0
DA:277,0
DA:286,0
DA:288,0
DA:291,0
DA:292,0
DA:293,0
DA:294,0
DA:297,0
DA:299,0
DA:305,0
DA:319,0
DA:326,0
DA:334,0
DA:335,0
LF:97
LH:0
BRDA:30,0,0,0
BRDA:30,0,1,0
BRDA:35,1,0,0
BRDA:35,1,1,0
BRDA:35,2,0,0
BRDA:35,2,1,0
BRDA:37,3,0,0
BRDA:37,3,1,0
BRDA:63,4,0,0
BRDA:63,4,1,0
BRDA:63,5,0,0
BRDA:63,5,1,0
BRDA:87,6,0,0
BRDA:87,6,1,0
BRDA:96,7,0,0
BRDA:96,7,1,0
BRDA:96,8,0,0
BRDA:96,8,1,0
BRDA:98,9,0,0
BRDA:98,9,1,0
BRDA:126,10,0,0
BRDA:126,10,1,0
BRDA:126,11,0,0
BRDA:126,11,1,0
BRDA:179,12,0,0
BRDA:179,12,1,0
BRDA:189,13,0,0
BRDA:189,13,1,0
BRDA:196,14,0,0
BRDA:196,14,1,0
BRDA:217,15,0,0
BRDA:217,15,1,0
BRDA:221,16,0,0
BRDA:221,16,1,0
BRDA:225,17,0,0
BRDA:225,17,1,0
BRDA:232,18,0,0
BRDA:232,18,1,0
BRDA:233,19,0,0
BRDA:233,19,1,0
BRDA:233,20,0,0
BRDA:233,20,1,0
BRDA:236,21,0,0
BRDA:236,21,1,0
BRDA:236,22,0,0
BRDA:236,22,1,0
BRDA:239,23,0,0
BRDA:239,23,1,0
BRDA:239,24,0,0
BRDA:239,24,1,0
BRDA:249,25,0,0
BRDA:249,25,1,0
BRDA:250,26,0,0
BRDA:250,26,1,0
BRDA:251,27,0,0
BRDA:251,27,1,0
BRDA:252,28,0,0
BRDA:252,28,1,0
BRDA:272,29,0,0
BRDA:272,29,1,0
BRDA:299,30,0,0
BRDA:299,30,1,0
BRDA:301,31,0,0
BRDA:301,31,1,0
BRDA:327,32,0,0
BRDA:327,32,1,0
BRF:66
BRH:0
end_of_record
TN:
SF:src\utils\ai\recommendService.ts
FN:27,(anonymous_1)
FN:91,(anonymous_2)
FN:245,(anonymous_3)
FN:271,(anonymous_4)
FNF:4
FNH:0
FNDA:0,(anonymous_1)
FNDA:0,(anonymous_2)
FNDA:0,(anonymous_3)
FNDA:0,(anonymous_4)
DA:6,0
DA:7,0
DA:8,0
DA:9,0
DA:16,0
DA:21,0
DA:30,0
DA:31,0
DA:36,0
DA:37,0
DA:38,0
DA:39,0
DA:40,0
DA:44,0
DA:46,0
DA:60,0
DA:66,0
DA:67,0
DA:70,0
DA:71,0
DA:72,0
DA:74,0
DA:78,0
DA:81,0
DA:96,0
DA:228,0
DA:229,0
DA:231,0
DA:250,0
DA:253,0
DA:257,0
DA:282,0
DA:290,0
DA:295,0
DA:296,0
LF:35
LH:0
BRDA:31,0,0,0
BRDA:31,0,1,0
BRDA:36,1,0,0
BRDA:36,1,1,0
BRDA:36,2,0,0
BRDA:36,2,1,0
BRDA:38,3,0,0
BRDA:38,3,1,0
BRDA:66,4,0,0
BRDA:66,4,1,0
BRDA:66,5,0,0
BRDA:66,5,1,0
BRDA:78,6,0,0
BRDA:78,6,1,0
BRDA:80,7,0,0
BRDA:80,7,1,0
BRDA:81,8,0,0
BRDA:81,8,1,0
BRDA:228,9,0,0
BRDA:228,9,1,0
BRDA:274,10,0,0
BRDA:275,11,0,0
BRDA:276,12,0,0
BRF:23
BRH:0
end_of_record
